[16:51:19.023][INFO]: Parsing all .json files in machines folder.
[16:51:19.039][INFO]: Finished parsing .json files in machines folder.
[16:51:19.040][INFO]: Parsing all .json files in upgrades folder.
[16:51:19.050][INFO]: Finished parsing .json files in upgrades folder.
[16:51:25.431][INFO]: Parsing recipe json: createastral:implosion_compressor/gravel
[16:51:25.435][ERROR]: Error while deserializing Requirement: ""
Input does not contain a key [type]: MapLike[{"keys":{"a":"indrev:frame","b":"createastral:electrum_heating_coil","c":"createastral:sturdy_sheet_block","d":"indrev:controller","e":"indrev:intake"},"pattern":[["aaa","aaa","ama"],["bcb","cbc","bdb"],["ccc","cec","ccc"]]}]
[16:51:25.444][INFO]: Parsing recipe json: createastral:implosion_compressor/gravel
[16:51:25.445][ERROR]: Error while deserializing Requirement: ""
Input does not contain a key [type]: MapLike[{"keys":{"a":"indrev:frame","b":"createastral:electrum_heating_coil","c":"createastral:sturdy_sheet_block","d":"indrev:controller","e":"indrev:intake"},"pattern":[["aaa","aaa","ama"],["bcb","cbc","bdb"],["ccc","cec","ccc"]]}]
[16:51:25.694][INFO]: Parsing recipe json: createastral:electrolyser/oxygen
[16:51:25.763][INFO]: Successfully read recipe json: createastral:electrolyser/oxygen
[16:51:25.789][INFO]: Parsing recipe json: createastral:electrolyser/oxygenfallback
[16:51:25.790][INFO]: Successfully read recipe json: createastral:electrolyser/oxygenfallback
[16:51:31.012][INFO]: Reading Custom Machinery Machines...
[16:51:31.014][INFO]: Parsing machine json: createastral:electrolyser in datapack: zLaky Core
[16:51:31.029][INFO]: Successfully parsed machine json: createastral:electrolyser
[16:51:31.031][INFO]: Parsing machine json: createastral:implosion_compressor in datapack: zLaky Core
[16:51:31.032][INFO]: Successfully parsed machine json: createastral:implosion_compressor
[16:51:31.032][INFO]: Finished creating custom machines.
[16:51:31.033][INFO]: Reading Custom Machinery Upgrades json
[16:51:31.033][INFO]: No machine upgrade json found.
[16:51:31.033][INFO]: Collecting machine upgrades with kubeJS.
[16:51:31.033][INFO]: No machine upgrades found with kubejs
[16:51:31.033][INFO]: Finished creating custom machine upgrades.
[16:52:15.847][INFO]: Sending recipe: createastral:electrolyser/oxygen to clients
[16:52:15.847][INFO]: Sucessfully send recipe: createastral:electrolyser/oxygen to clients.
[16:52:16.001][INFO]: Sending recipe: createastral:electrolyser/oxygenfallback to clients
[16:52:16.001][INFO]: Sucessfully send recipe: createastral:electrolyser/oxygenfallback to clients.
