[00:00:00] [ftbbackups2_Worker-1/INFO]: Attempting to create an automatic backup
[00:00:00] [ftbbackups2_Worker-1/INFO]: Found world folder at E:\Server Minecraft\minecraft-server-for-friends\.\world\.
[00:00:00] [ftbbackups2_Worker-1/INFO]: Last backup size: 9.0MB Current world size: 111.1MB Current free space: 882.7GB ExpectedSize 63.9MB
[00:00:00] [ftbbackups2_Worker-1/INFO]: Setting world minecraft:overworld save state to true
[00:00:00] [ftbbackups2_Worker-1/INFO]: Setting world ad_astra:mars_orbit save state to true
[00:00:00] [ftbbackups2_Worker-1/INFO]: Setting world ad_astra:earth_orbit save state to true
[00:00:00] [ftbbackups2_Worker-1/INFO]: Setting world ad_astra:glacio_orbit save state to true
[00:00:00] [ftbbackups2_Worker-1/INFO]: Setting world minecraft:the_end save state to true
[00:00:00] [ftbbackups2_Worker-1/INFO]: Setting world minecraft:the_nether save state to true
[00:00:00] [ftbbackups2_Worker-1/INFO]: Setting world ad_astra:mercury_orbit save state to true
[00:00:00] [ftbbackups2_Worker-1/INFO]: Setting world ae2:spatial_storage save state to true
[00:00:00] [ftbbackups2_Worker-1/INFO]: Setting world ad_astra:mars save state to true
[00:00:00] [ftbbackups2_Worker-1/INFO]: Setting world ad_astra:mercury save state to true
[00:00:00] [ftbbackups2_Worker-1/INFO]: Setting world ad_astra:moon_orbit save state to true
[00:00:00] [ftbbackups2_Worker-1/INFO]: Setting world ad_astra:glacio save state to true
[00:00:00] [ftbbackups2_Worker-1/INFO]: Setting world ad_astra:moon save state to true
[00:00:00] [ftbbackups2_Worker-1/INFO]: Setting world ad_astra:venus save state to true
[00:00:00] [ftbbackups2_Worker-1/INFO]: Setting world ad_astra:venus_orbit save state to true
[00:00:00] [Server thread/INFO]: Saving grave backup data
[00:00:00] [FTB Backups backup thread 0/INFO]: Rendering region file 0 0
[00:00:00] [Server thread/INFO]: ThreadedAnvilChunkStorage (world): All chunks are saved
[00:00:00] [Server thread/INFO]: ThreadedAnvilChunkStorage (mars_orbit): All chunks are saved
[00:00:00] [Server thread/INFO]: ThreadedAnvilChunkStorage (earth_orbit): All chunks are saved
[00:00:00] [Server thread/INFO]: ThreadedAnvilChunkStorage (glacio_orbit): All chunks are saved
[00:00:00] [Server thread/INFO]: ThreadedAnvilChunkStorage (DIM1): All chunks are saved
[00:00:00] [Server thread/INFO]: ThreadedAnvilChunkStorage (DIM-1): All chunks are saved
[00:00:00] [Server thread/INFO]: ThreadedAnvilChunkStorage (mercury_orbit): All chunks are saved
[00:00:00] [Server thread/INFO]: ThreadedAnvilChunkStorage (spatial_storage): All chunks are saved
[00:00:00] [Server thread/INFO]: ThreadedAnvilChunkStorage (mars): All chunks are saved
[00:00:00] [Server thread/INFO]: ThreadedAnvilChunkStorage (mercury): All chunks are saved
[00:00:00] [Server thread/INFO]: ThreadedAnvilChunkStorage (moon_orbit): All chunks are saved
[00:00:00] [Server thread/INFO]: ThreadedAnvilChunkStorage (glacio): All chunks are saved
[00:00:00] [Server thread/INFO]: ThreadedAnvilChunkStorage (moon): All chunks are saved
[00:00:00] [Server thread/INFO]: ThreadedAnvilChunkStorage (venus): All chunks are saved
[00:00:00] [Server thread/INFO]: ThreadedAnvilChunkStorage (venus_orbit): All chunks are saved
[00:00:00] [Server thread/INFO]: ThreadedAnvilChunkStorage: All dimensions are saved
[00:00:09] [FTB Backups backup thread 0/INFO]: Setting world minecraft:overworld save state to false
[00:00:09] [FTB Backups backup thread 0/INFO]: Setting world ad_astra:mars_orbit save state to false
[00:00:09] [FTB Backups backup thread 0/INFO]: Setting world ad_astra:earth_orbit save state to false
[00:00:09] [FTB Backups backup thread 0/INFO]: Setting world ad_astra:glacio_orbit save state to false
[00:00:09] [FTB Backups backup thread 0/INFO]: Setting world minecraft:the_end save state to false
[00:00:09] [FTB Backups backup thread 0/INFO]: Setting world minecraft:the_nether save state to false
[00:00:09] [FTB Backups backup thread 0/INFO]: Setting world ad_astra:mercury_orbit save state to false
[00:00:09] [FTB Backups backup thread 0/INFO]: Setting world ae2:spatial_storage save state to false
[00:00:09] [FTB Backups backup thread 0/INFO]: Setting world ad_astra:mars save state to false
[00:00:09] [FTB Backups backup thread 0/INFO]: Setting world ad_astra:mercury save state to false
[00:00:09] [FTB Backups backup thread 0/INFO]: Setting world ad_astra:moon_orbit save state to false
[00:00:09] [FTB Backups backup thread 0/INFO]: Setting world ad_astra:glacio save state to false
[00:00:09] [FTB Backups backup thread 0/INFO]: Setting world ad_astra:moon save state to false
[00:00:09] [FTB Backups backup thread 0/INFO]: Setting world ad_astra:venus save state to false
[00:00:09] [FTB Backups backup thread 0/INFO]: Setting world ad_astra:venus_orbit save state to false
[00:00:09] [FTB Backups backup thread 0/INFO]: Backup size 75.1MB World Size 111.1MB
[00:00:09] [FTB Backups backup thread 0/INFO]: Writing to file E:\Server Minecraft\minecraft-server-for-friends\backups\backups.json
[00:00:09] [FTB Backups backup thread 0/INFO]: New backup created at E:\Server Minecraft\minecraft-server-for-friends\backups\2023-6-10_0-0-0.zip size: 75.1MB Took: 0m, 9s, 80ms Sha1: f4e880d443b2c48900f14fe5e8f0b69ee819472a
[00:00:18] [FTB Backups scheduled executor 0/INFO]: More backups than 1 found, Removing oldest backup
[00:00:18] [FTB Backups scheduled executor 0/INFO]: File missing, removing from backups C:\NoSync\AstraServer\backups\2023-6-9_0-0-0.zip
[00:00:18] [FTB Backups scheduled executor 0/INFO]: Writing to file E:\Server Minecraft\minecraft-server-for-friends\backups\backups.json
[00:03:21] [Server thread/INFO]: OBruxeiro has made the advancement [A Seedy Place]
[00:06:15] [Server thread/INFO]: PeperoH has reached the goal [Cast Collector]
[00:07:38] [Server thread/INFO]: PeperoH lost connection: Disconnected
[00:07:38] [Server thread/INFO]: PeperoH left the game
[00:16:41] [Server thread/INFO]: Daniel_Cadmo has reached the goal [Dinner's Served!]
[00:26:51] [Server thread/WARN]: Daniel_Cadmo moved too quickly! -5.479907057362539,93.0,-25.715914926727464
[00:26:51] [Server thread/WARN]: Daniel_Cadmo moved too quickly! -5.479907057362539,93.0,-25.715914926727464
[00:26:51] [Server thread/WARN]: Daniel_Cadmo moved too quickly! -5.479907057362539,93.0,-25.715914926727464
[00:26:51] [Server thread/INFO]: Daniel_Cadmo has reached the goal [Skyslime Island]
[00:27:32] [Server thread/WARN]: Daniel_Cadmo moved too quickly! 621.937427926482,-84.0,-271.70033585431065
[00:27:32] [Server thread/WARN]: Daniel_Cadmo moved too quickly! 621.937427926482,-84.0,-271.70033585431065
[00:27:32] [Server thread/WARN]: Daniel_Cadmo moved too quickly! 621.937427926482,-84.0,-271.70033585431065
[00:27:32] [Server thread/WARN]: Daniel_Cadmo moved too quickly! 621.937427926482,-84.0,-271.70033585431065
[00:27:32] [Server thread/WARN]: Daniel_Cadmo moved too quickly! 621.937427926482,-84.0,-271.70033585431065
[00:27:32] [Server thread/WARN]: Daniel_Cadmo moved too quickly! 621.937427926482,-84.0,-271.70033585431065
[00:27:37] [Server thread/INFO]: OBruxeiro was slain by Zombie
[00:27:37] [Server thread/INFO]: Grave spawned at: 21, 70, -75 | overworld
[00:27:39] [Netty Server IO #16/ERROR]: Could not serialize net.minecraftforge.server.command.ModIdArgument@64c7a549 (class net.minecraftforge.server.command.ModIdArgument) - will not be sent to client!
[00:27:39] [Netty Server IO #16/ERROR]: Could not serialize net.minecraftforge.server.command.ModIdArgument@269bee6b (class net.minecraftforge.server.command.ModIdArgument) - will not be sent to client!
[00:27:53] [Server thread/INFO]: Grave at 21, 70, -75 was replaced with Block{minecraft:air}
[00:27:53] [Server thread/INFO]: OBruxeiro is retrieving their grave at 21, 70, -75
[00:27:53] [Server thread/INFO]: OBruxeiro retrieved the items from the grave
[00:34:00] [Server thread/INFO]: OBruxeiro lost connection: Disconnected
[00:34:00] [Server thread/INFO]: OBruxeiro left the game
[00:34:19] [User Authenticator #8/INFO]: UUID of player PeperoH is 3661be16-8a31-454b-a978-acf3bd92020f
[00:34:19] [Server thread/INFO]: PeperoH[/187.35.248.182:51892] logged in with entity id 49750 at (14.786826385224684, 60.0, -36.35992219735519)
[00:34:19] [Server thread/INFO]: Syncing config to PeperoH (3661be16-8a31-454b-a978-acf3bd92020f)
[00:34:19] [Server thread/INFO]: PeperoH joined the game
[00:34:19] [Netty Server IO #19/ERROR]: Could not serialize net.minecraftforge.server.command.ModIdArgument@64c7a549 (class net.minecraftforge.server.command.ModIdArgument) - will not be sent to client!
[00:34:19] [Netty Server IO #19/ERROR]: Could not serialize net.minecraftforge.server.command.ModIdArgument@269bee6b (class net.minecraftforge.server.command.ModIdArgument) - will not be sent to client!
[00:34:20] [Netty Server IO #19/ERROR]: Could not serialize net.minecraftforge.server.command.ModIdArgument@64c7a549 (class net.minecraftforge.server.command.ModIdArgument) - will not be sent to client!
[00:34:20] [Netty Server IO #19/ERROR]: Could not serialize net.minecraftforge.server.command.ModIdArgument@269bee6b (class net.minecraftforge.server.command.ModIdArgument) - will not be sent to client!
[00:34:21] [Netty Server IO #19/INFO]: Priority overwritten for player PeperoH. Normal: GRAVE / Robbing: INVENTORY
[00:34:23] [Netty Server IO #19/INFO]: Player PeperoH joined with a matching carpet client
[00:36:55] [Server thread/INFO]: Saving grave backup data
[00:46:51] [Server thread/INFO]: Daniel_Cadmo has made the advancement [The Parrots and the Bats]
[00:50:28] [Server thread/INFO]: PeperoH lost connection: Disconnected
[00:50:28] [Server thread/INFO]: PeperoH left the game
[00:53:30] [User Authenticator #9/INFO]: UUID of player PeperoH is 3661be16-8a31-454b-a978-acf3bd92020f
[00:53:30] [Server thread/INFO]: PeperoH[/187.35.248.182:52456] logged in with entity id 53790 at (20.68459384921856, 60.0, -32.96165965390903)
[00:53:30] [Server thread/INFO]: Syncing config to PeperoH (3661be16-8a31-454b-a978-acf3bd92020f)
[00:53:30] [Server thread/INFO]: PeperoH joined the game
[00:53:30] [Netty Server IO #21/ERROR]: Could not serialize net.minecraftforge.server.command.ModIdArgument@64c7a549 (class net.minecraftforge.server.command.ModIdArgument) - will not be sent to client!
[00:53:30] [Netty Server IO #21/ERROR]: Could not serialize net.minecraftforge.server.command.ModIdArgument@269bee6b (class net.minecraftforge.server.command.ModIdArgument) - will not be sent to client!
[00:53:30] [Netty Server IO #21/ERROR]: Could not serialize net.minecraftforge.server.command.ModIdArgument@64c7a549 (class net.minecraftforge.server.command.ModIdArgument) - will not be sent to client!
[00:53:30] [Netty Server IO #21/ERROR]: Could not serialize net.minecraftforge.server.command.ModIdArgument@269bee6b (class net.minecraftforge.server.command.ModIdArgument) - will not be sent to client!
[00:53:32] [Netty Server IO #21/INFO]: Priority overwritten for player PeperoH. Normal: GRAVE / Robbing: INVENTORY
[00:53:35] [Netty Server IO #21/INFO]: Player PeperoH joined with a matching carpet client
[01:17:04] [Server thread/INFO]: Daniel_Cadmo has made the advancement [Area of Connect]
[01:17:07] [Server thread/INFO]: Daniel_Cadmo has made the advancement [A Mild Breeze]
[01:39:12] [Server thread/INFO]: PeperoH lost connection: Disconnected
[01:39:12] [Server thread/INFO]: PeperoH left the game
[01:39:15] [Server thread/INFO]: Daniel_Cadmo lost connection: Disconnected
[01:39:15] [Server thread/INFO]: Daniel_Cadmo left the game
[01:39:29] [Server thread/INFO]: Stopping the server
[01:39:29] [Server thread/INFO]: Stopping server
[01:39:29] [Server thread/INFO]: Saving players
[01:39:29] [Server thread/INFO]: Saving worlds
[01:39:29] [Server thread/INFO]: Saving chunks for level 'ServerLevel[world]'/minecraft:overworld
[01:39:30] [Server thread/INFO]: Saving chunks for level 'ServerLevel[world]'/ad_astra:mars_orbit
[01:39:30] [Server thread/INFO]: Saving chunks for level 'ServerLevel[world]'/ad_astra:earth_orbit
[01:39:30] [Server thread/INFO]: Saving chunks for level 'ServerLevel[world]'/ad_astra:glacio_orbit
[01:39:30] [Server thread/INFO]: Saving chunks for level 'ServerLevel[world]'/minecraft:the_end
[01:39:30] [Server thread/INFO]: Saving chunks for level 'ServerLevel[world]'/minecraft:the_nether
[01:39:30] [Server thread/INFO]: Saving chunks for level 'ServerLevel[world]'/ad_astra:mercury_orbit
[01:39:30] [Server thread/INFO]: Saving chunks for level 'ServerLevel[world]'/ae2:spatial_storage
[01:39:30] [Server thread/INFO]: Saving chunks for level 'ServerLevel[world]'/ad_astra:mars
[01:39:30] [Server thread/INFO]: Saving chunks for level 'ServerLevel[world]'/ad_astra:mercury
[01:39:30] [Server thread/INFO]: Saving chunks for level 'ServerLevel[world]'/ad_astra:moon_orbit
[01:39:30] [Server thread/INFO]: Saving chunks for level 'ServerLevel[world]'/ad_astra:glacio
[01:39:30] [Server thread/INFO]: Saving chunks for level 'ServerLevel[world]'/ad_astra:moon
[01:39:30] [Server thread/INFO]: Saving chunks for level 'ServerLevel[world]'/ad_astra:venus
[01:39:30] [Server thread/INFO]: Saving chunks for level 'ServerLevel[world]'/ad_astra:venus_orbit
[01:39:30] [Server thread/INFO]: ThreadedAnvilChunkStorage (world): All chunks are saved
[01:39:30] [Server thread/INFO]: ThreadedAnvilChunkStorage (mars_orbit): All chunks are saved
[01:39:30] [Server thread/INFO]: ThreadedAnvilChunkStorage (earth_orbit): All chunks are saved
[01:39:30] [Server thread/INFO]: ThreadedAnvilChunkStorage (glacio_orbit): All chunks are saved
[01:39:30] [Server thread/INFO]: ThreadedAnvilChunkStorage (DIM1): All chunks are saved
[01:39:30] [Server thread/INFO]: ThreadedAnvilChunkStorage (DIM-1): All chunks are saved
[01:39:30] [Server thread/INFO]: ThreadedAnvilChunkStorage (mercury_orbit): All chunks are saved
[01:39:30] [Server thread/INFO]: ThreadedAnvilChunkStorage (spatial_storage): All chunks are saved
[01:39:30] [Server thread/INFO]: ThreadedAnvilChunkStorage (mars): All chunks are saved
[01:39:30] [Server thread/INFO]: ThreadedAnvilChunkStorage (mercury): All chunks are saved
[01:39:30] [Server thread/INFO]: ThreadedAnvilChunkStorage (moon_orbit): All chunks are saved
[01:39:30] [Server thread/INFO]: ThreadedAnvilChunkStorage (glacio): All chunks are saved
[01:39:30] [Server thread/INFO]: ThreadedAnvilChunkStorage (moon): All chunks are saved
[01:39:30] [Server thread/INFO]: ThreadedAnvilChunkStorage (venus): All chunks are saved
[01:39:30] [Server thread/INFO]: ThreadedAnvilChunkStorage (venus_orbit): All chunks are saved
[01:39:30] [Server thread/INFO]: ThreadedAnvilChunkStorage: All dimensions are saved
[01:39:31] [Server thread/INFO]: closing rrp automobility:data
[01:39:31] [Server thread/INFO]: closing rrp minecraft:phonos_data
[01:39:31] [Server thread/INFO]: closing rrp automobility:data
[01:39:31] [Server thread/INFO]: closing rrp minecraft:phonos_data
[01:39:31] [Server thread/INFO]: Shutting down scheduler thread
[01:39:31] [Server thread/INFO]: Scheduler ftbbackups2_$_NON_CLUSTERED shutting down.
[01:39:31] [Server thread/INFO]: Scheduler ftbbackups2_$_NON_CLUSTERED paused.
[01:39:31] [Server thread/INFO]: Scheduler ftbbackups2_$_NON_CLUSTERED shutdown complete.
[01:39:31] [Server thread/INFO]: Shutting down the config watcher executor
[01:39:31] [Server thread/INFO]: Shutting down backup cleaning executor
[01:39:31] [Server thread/INFO]: Shutting down backup executor
[01:39:31] [Server thread/INFO]: =========Checking everything is shut down============
[01:39:31] [Server thread/INFO]: Scheduler Shutdown:true
[01:39:31] [Server thread/INFO]: Config watcher Shutdown:true
[01:39:31] [Server thread/INFO]: Cleaner watcher Shutdown:true
[01:39:31] [Server thread/INFO]: Backup Executor Shutdown:true
[01:39:31] [Server thread/INFO]: ========Shutdown completed, FTB Backups has now finished shutting down==========
[01:39:31] [Server thread/INFO]: Shutting down map thread
[01:39:32] [Thread-2/INFO]: =========Checking everything is shut down============
[01:39:32] [Thread-2/INFO]: Scheduler Shutdown:true
[01:39:32] [Thread-2/INFO]: Config watcher Shutdown:true
[01:39:32] [Thread-2/INFO]: Cleaner watcher Shutdown:true
[01:39:32] [Thread-2/INFO]: Backup Executor Shutdown:true
[01:39:32] [Thread-2/INFO]: ========Shutdown completed, FTB Backups has now finished shutting down==========
