[10:39:30] [main/INFO] ========================================
[10:39:30] [main/INFO] Minecraft: 1.18.2
[10:39:30] [main/INFO] Side: server
[10:39:30] [main/INFO] Development: false
[10:39:30] [main/INFO] Version: 8.3.588
[10:39:30] [main/INFO] Loader:
[10:39:30] [main/INFO] - Fabric: 0.14.14
[10:39:30] [main/INFO] - Fabric API: 0.76.0+1.18.2
[10:39:30] [main/INFO] Dependencies:
[10:39:30] [main/INFO] - Cloth Config: 6.4.90
[10:39:30] [main/INFO] - Architectury: 4.11.90
[10:39:30] [main/INFO] Mixin: 0.8.5
[10:39:30] [main/INFO] OS: Windows 10 10.0 (amd64)
[10:39:30] [main/INFO] Java: 17.0.7 (Eclipse Adoptium)
[10:39:30] [main/INFO] ========================================
[10:39:30] [main/INFO] Mods:
[10:39:30] [main/INFO] - ad_astra: 1.0.9
[10:39:30] [main/INFO] - adoptafloppa: 1.1.0
[10:39:30] [main/INFO] - advanced_runtime_resource_pack: 0.5.7
[10:39:30] [main/INFO] - ae2: 11.7.1
[10:39:30] [main/INFO] - alternate-current: 1.4.0
[10:39:30] [main/INFO] - another_furniture: 1.2.2-1.18.2
[10:39:30] [main/INFO] - appleskin: 2.4.1+mc1.18.2
[10:39:30] [main/INFO] - architectury: 4.11.90
[10:39:30] [main/INFO] - astralvinery: 1.1.1
[10:39:30] [main/INFO] - autoconfig1u: 3.4.0
[10:39:30] [main/INFO] - automobility: 0.3+1.18.2
[10:39:30] [main/INFO] - badpackets: 0.1.3
[10:39:30] [main/INFO] - balm-fabric: 3.2.1+0
[10:39:30] [main/INFO] - betteradvancements: 0.2.0.146
[10:39:30] [main/INFO] - bettercombat: 1.6.2+1.18.2
[10:39:30] [main/INFO] - blue_endless_jankson: 1.2.1
[10:39:30] [main/INFO] - campanion: 3.0.3
[10:39:30] [main/INFO] - camsbackpacks: 2.2
[10:39:30] [main/INFO] - cardinal-components: 4.2.0
[10:39:30] [main/INFO] - cardinal-components-base: 4.2.0
[10:39:30] [main/INFO] - cardinal-components-block: 4.2.0
[10:39:30] [main/INFO] - cardinal-components-chunk: 4.2.0
[10:39:30] [main/INFO] - cardinal-components-entity: 4.2.0
[10:39:30] [main/INFO] - cardinal-components-item: 4.2.0
[10:39:30] [main/INFO] - cardinal-components-level: 4.2.0
[10:39:30] [main/INFO] - cardinal-components-scoreboard: 4.2.0
[10:39:30] [main/INFO] - cardinal-components-world: 4.2.0
[10:39:30] [main/INFO] - carpet: 1.4.69
[10:39:30] [main/INFO] - catwalksinc: 1.3.0
[10:39:30] [main/INFO] - cccbridge: 1.3.1
[10:39:30] [main/INFO] - chassis: 1.1.0
[10:39:30] [main/INFO] - chipped: 2.0.1
[10:39:30] [main/INFO] - chunky: 1.2.164
[10:39:30] [main/INFO] - cloth-basic-math: 0.6.1
[10:39:30] [main/INFO] - cloth-config: 6.4.90
[10:39:30] [main/INFO] - cloth-config: 6.4.90
[10:39:30] [main/INFO] - cloth-utils-v1: 2.0.54
[10:39:30] [main/INFO] - clumps: 8.0.0+17
[10:39:30] [main/INFO] - cobblegen: v2.1b57-BETA
[10:39:30] [main/INFO] - com_electronwill_night-config_core: 3.6.5
[10:39:30] [main/INFO] - com_electronwill_night-config_toml: 3.6.5
[10:39:30] [main/INFO] - com_eliotlash_mclib_mclib: 20
[10:39:30] [main/INFO] - com_github_llamalad7_mixinextras: 0.2.0-beta.6
[10:39:30] [main/INFO] - com_google_code_findbugs_jsr305: 3.0.2
[10:39:30] [main/INFO] - com_moandjiezana_toml_toml4j: 0.7.2
[10:39:30] [main/INFO] - com_velocitypowered_velocity-native: 1.1.0-SNAPSHOT
[10:39:30] [main/INFO] - companion: 2.0.1
[10:39:30] [main/INFO] - completeconfig: 1.4.1
[10:39:30] [main/INFO] - compressor: 0.2.0
[10:39:30] [main/INFO] - computercraft: 1.100.8
[10:39:30] [main/INFO] - cookingforblockheads: 12.2.0
[10:39:30] [main/INFO] - create: 0.5.0.i-988+1.18.2
[10:39:30] [main/INFO] - createaddition: 20230211a
[10:39:30] [main/INFO] - createdeco: 1.2.13-1.18.2
[10:39:30] [main/INFO] - createsifter: ${version}
[10:39:30] [main/INFO] - crowdin-translate: 1.4+1.18.2
[10:39:30] [main/INFO] - custommachinery: 0.7.6
[10:39:30] [main/INFO] - customportalapi: 0.0.1-beta50-1.18
[10:39:30] [main/INFO] - datapackportals: 1.1.1-1.18
[10:39:30] [main/INFO] - dbe: 1.18.2-1.0.0
[10:39:30] [main/INFO] - debugify: 1.11.0
[10:39:30] [main/INFO] - disableportals: 0.2.0-1.18-pre5
[10:39:30] [main/INFO] - doodads: 0.1.2-1.18.2
[10:39:30] [main/INFO] - drinkbeer: 3.2.0
[10:39:30] [main/INFO] - dripstone_fluid_lib: 1.2.0
[10:39:30] [main/INFO] - dustrial_decor: 0.5
[10:39:30] [main/INFO] - enchant_giver: 1.2.1
[10:39:30] [main/INFO] - environmentalcreepers: 1.6.0
[10:39:30] [main/INFO] - error_notifier: 1.0.9
[10:39:30] [main/INFO] - explorerscompass: 1.18.2-2.2.0-fabric
[10:39:30] [main/INFO] - extractinator: 2.0.1
[10:39:30] [main/INFO] - fabric-api: 0.76.0+1.18.2
[10:39:30] [main/INFO] - fabric-api: 0.76.0+1.18.2
[10:39:30] [main/INFO] - fabric-api-base: 0.4.5+64b7c69360
[10:39:30] [main/INFO] - fabric-api-lookup-api-v1: 1.6.3+2373a54560
[10:39:30] [main/INFO] - fabric-biome-api-v1: 8.0.7+e83becad60
[10:39:30] [main/INFO] - fabric-block-api-v1: 1.0.0+ee3621fc60
[10:39:30] [main/INFO] - fabric-command-api-v1: 1.1.10+d7c144a860
[10:39:30] [main/INFO] - fabric-commands-v0: 0.2.9+b4f4f6cd60
[10:39:30] [main/INFO] - fabric-containers-v0: 0.1.24+d7c144a860
[10:39:30] [main/INFO] - fabric-content-registries-v0: 3.1.3+c85f2e3860
[10:39:30] [main/INFO] - fabric-convention-tags-v1: 1.1.0+43ce63a460
[10:39:30] [main/INFO] - fabric-crash-report-info-v1: 0.2.1+ee261a3e60
[10:39:30] [main/INFO] - fabric-data-generation-api-v1: 3.1.0+6c70b68e60
[10:39:30] [main/INFO] - fabric-dimensions-v1: 2.1.21+489d6f8260
[10:39:30] [main/INFO] - fabric-entity-events-v1: 1.4.9+d7c144a860
[10:39:30] [main/INFO] - fabric-events-interaction-v0: 0.4.20+d7c144a860
[10:39:30] [main/INFO] - fabric-events-lifecycle-v0: 0.2.22+d7c144a860
[10:39:30] [main/INFO] - fabric-game-rule-api-v1: 1.0.13+d7c144a860
[10:39:30] [main/INFO] - fabric-item-api-v1: 1.6.2+8165403660
[10:39:30] [main/INFO] - fabric-item-groups-v0: 0.3.16+91896a4960
[10:39:30] [main/INFO] - fabric-language-kotlin: 1.9.3+kotlin.1.8.20
[10:39:30] [main/INFO] - fabric-lifecycle-events-v1: 2.1.1+cc71601c60
[10:39:30] [main/INFO] - fabric-loot-api-v2: 1.1.2+1997ad1260
[10:39:30] [main/INFO] - fabric-loot-tables-v1: 1.1.4+e747827960
[10:39:30] [main/INFO] - fabric-mining-level-api-v1: 2.1.6+cc71601c60
[10:39:30] [main/INFO] - fabric-networking-api-v1: 1.0.24+2d30af4b60
[10:39:30] [main/INFO] - fabric-networking-v0: 0.3.11+b4f4f6cd60
[10:39:30] [main/INFO] - fabric-object-builder-api-v1: 2.1.5+032c981d60
[10:39:30] [main/INFO] - fabric-particles-v1: 0.2.13+526dc1ac60
[10:39:30] [main/INFO] - fabric-permissions-api-v0: 0.1-SNAPSHOT
[10:39:30] [main/INFO] - fabric-registry-sync-v0: 0.9.12+bb2e047760
[10:39:30] [main/INFO] - fabric-rendering-data-attachment-v1: 0.3.9+ee3621fc60
[10:39:30] [main/INFO] - fabric-rendering-fluids-v1: 2.0.3+54e5b2ec60
[10:39:30] [main/INFO] - fabric-resource-conditions-api-v1: 2.0.3+91b7aa6660
[10:39:30] [main/INFO] - fabric-resource-loader-v0: 0.5.3+047a5ecb60
[10:39:30] [main/INFO] - fabric-screen-handler-api-v1: 1.2.3+1f6558e860
[10:39:30] [main/INFO] - fabric-transfer-api-v1: 1.6.4+f4563ac860
[10:39:30] [main/INFO] - fabric-transitive-access-wideners-v1: 1.1.0+e747827960
[10:39:30] [main/INFO] - fabricloader: 0.14.14
[10:39:30] [main/INFO] - farmersdelight: 1.18.2-1.2.5
[10:39:30] [main/INFO] - fastfurnace: 1.18.2-4.1
[10:39:30] [main/INFO] - ferritecore: 4.2.1
[10:39:30] [main/INFO] - forge_tags: 2.1
[10:39:30] [main/INFO] - forgeconfigapiport: 3.2.4
[10:39:30] [main/INFO] - ftbbackups2: 1.0.18
[10:39:30] [main/INFO] - ftbchunks: 1802.3.16-build.247
[10:39:30] [main/INFO] - ftblibrary: 1802.3.11-build.177
[10:39:30] [main/INFO] - ftbquests: 1802.3.14-build.191
[10:39:30] [main/INFO] - ftbteams: 1802.2.10-build.96
[10:39:30] [main/INFO] - gearreborn: 1.18.2-0.1.14
[10:39:30] [main/INFO] - geckolib3: 3.0.80
[10:39:30] [main/INFO] - globaldataandresourcepacks: 1.12.3_fabric
[10:39:30] [main/INFO] - harvestwithease: 4.0.0.2
[10:39:30] [main/INFO] - iceberg: 1.0.38
[10:39:30] [main/INFO] - idwtialsimmoedm: 0.1.1+1.18
[10:39:30] [main/INFO] - immersive_aircraft: 0.3.0+1.18.2
[10:39:30] [main/INFO] - itemfilters: 1802.2.8-build.47
[10:39:30] [main/INFO] - jade: 5.99.10
[10:39:30] [main/INFO] - jadeaddons: 2.0.1
[10:39:30] [main/INFO] - jankson: 4.0.0+j1.2.0
[10:39:30] [main/INFO] - java: 17
[10:39:30] [main/INFO] - jmi: 0.13-32
[10:39:30] [main/INFO] - journeymap-api-fabric: 1.18.2-1.9-fabric-SNAPSHOT
[10:39:30] [main/INFO] - journeymap-fabric: 5.9.4
[10:39:30] [main/INFO] - jsonem: 0.1.2
[10:39:30] [main/INFO] - konkrete: 1.6.0
[10:39:30] [main/INFO] - krypton: 0.1.9
[10:39:30] [main/INFO] - kubejs: 1802.5.5-build.567
[10:39:30] [main/INFO] - kubejs_create: 1802.2.2-build.28
[10:39:30] [main/INFO] - lazydfu: 0.1.2
[10:39:30] [main/INFO] - letmedespawn: fabric-1.0.2
[10:39:30] [main/INFO] - libgui: 5.2.0+1.18
[10:39:30] [main/INFO] - libninepatch: 1.1.0
[10:39:30] [main/INFO] - limitedchunks: 1.18.2-2.5
[10:39:30] [main/INFO] - lithium: 0.10.3
[10:39:30] [main/INFO] - lootr: 0.3.24.61
[10:39:30] [main/INFO] - mantle: 1.18.2-1.9.156
[10:39:30] [main/INFO] - mcdw: 5.0.4-1.18
[10:39:30] [main/INFO] - memoryleakfix: 1.0.0
[10:39:30] [main/INFO] - midnightlib: 0.4.4
[10:39:30] [main/INFO] - milk: 0.3.2
[10:39:30] [main/INFO] - minecraft: 1.18.2
[10:39:30] [main/INFO] - mixintrace: 1.1.1+1.17
[10:39:30] [main/INFO] - mm: 2.3
[10:39:30] [main/INFO] - myron: 1.6.3+1.18.1
[10:39:30] [main/INFO] - mysticaloaktree: 1.18.2-1.0
[10:39:30] [main/INFO] - naturalist: 1.1.1
[10:39:30] [main/INFO] - notrade: 0.1.1.18.2
[10:39:30] [main/INFO] - observable: 2.2.3
[10:39:30] [main/INFO] - org_jetbrains_kotlin_kotlin-reflect: 1.8.20
[10:39:30] [main/INFO] - org_jetbrains_kotlin_kotlin-stdlib: 1.8.20
[10:39:30] [main/INFO] - org_jetbrains_kotlin_kotlin-stdlib-jdk7: 1.8.20
[10:39:30] [main/INFO] - org_jetbrains_kotlin_kotlin-stdlib-jdk8: 1.8.20
[10:39:30] [main/INFO] - org_jetbrains_kotlinx_atomicfu-jvm: 0.20.1
[10:39:30] [main/INFO] - org_jetbrains_kotlinx_kotlinx-coroutines-core-jvm: 1.6.4
[10:39:30] [main/INFO] - org_jetbrains_kotlinx_kotlinx-coroutines-jdk8: 1.6.4
[10:39:30] [main/INFO] - org_jetbrains_kotlinx_kotlinx-datetime-jvm: 0.4.0
[10:39:30] [main/INFO] - org_jetbrains_kotlinx_kotlinx-serialization-cbor-jvm: 1.5.0
[10:39:30] [main/INFO] - org_jetbrains_kotlinx_kotlinx-serialization-core-jvm: 1.5.0
[10:39:30] [main/INFO] - org_jetbrains_kotlinx_kotlinx-serialization-json-jvm: 1.5.0
[10:39:30] [main/INFO] - packages: 3.4
[10:39:30] [main/INFO] - packed-inventory: 0.2.2+1.18.2
[10:39:30] [main/INFO] - passivepiglins: 1.0.1
[10:39:30] [main/INFO] - per_aspera: 1.3.2
[10:39:30] [main/INFO] - phonos: 0.3+1.18.2
[10:39:30] [main/INFO] - ping-wheel: 1.2.0
[10:39:30] [main/INFO] - placeholder-api: 1.1.3+1.17.1
[10:39:30] [main/INFO] - player-animator: 1.0.2+1.18
[10:39:30] [main/INFO] - polaroidcamera: 1.2.9
[10:39:30] [main/INFO] - polymorph: 0.0.21-1.18.2
[10:39:30] [main/INFO] - porting_lib: 1.2.869-beta+1.18.2
[10:39:30] [main/INFO] - projectiledamage: 2.2.0+1.18.2
[10:39:30] [main/INFO] - quarrymod: 0.7.3
[10:39:30] [main/INFO] - questsadditions: 1.4.1
[10:39:30] [main/INFO] - reach-entity-attributes: 2.2.0
[10:39:30] [main/INFO] - reborncore: 5.2.1
[10:39:30] [main/INFO] - registrate-fabric: MC1.18.2-1.1.11
[10:39:30] [main/INFO] - reinfchest: 2.2.0+1.18
[10:39:30] [main/INFO] - reinfcore: 3.0.3+1.18
[10:39:30] [main/INFO] - resourcefullib: 0.0.4
[10:39:30] [main/INFO] - rhino: 1802.2.1-build.255
[10:39:30] [main/INFO] - roughlyenoughitems: 8.3.588
[10:39:30] [main/INFO] - searchlight: 1.1.7
[10:39:30] [main/INFO] - serialization_hooks: 0.3.23
[10:39:30] [main/INFO] - servercore: 1.2.9-1.18.2
[10:39:30] [main/INFO] - servertick: 1.6
[10:39:30] [main/INFO] - smoothchunk: 1.18.2-1.9
[10:39:30] [main/INFO] - smwyg: 1.0.1
[10:39:30] [main/INFO] - sniffer: 1.1.2
[10:39:30] [main/INFO] - spark: 1.9.11
[10:39:30] [main/INFO] - star: 1.3+1.18.2
[10:39:30] [main/INFO] - starlight: 1.0.2+fabric.89b8d9f
[10:39:30] [main/INFO] - subterrestrial: 2.0.0
[10:39:30] [main/INFO] - suggestion_tweaker: 1.18.2-1.3.0
[10:39:30] [main/INFO] - t_and_t: 1.10.0.1
[10:39:30] [main/INFO] - tconstruct: 1.18.2-3.5.2.155
[10:39:30] [main/INFO] - team_reborn_energy: 2.2.0
[10:39:30] [main/INFO] - techreborn: 5.2.1
[10:39:30] [main/INFO] - terraform-wood-api-v1: 3.1.0
[10:39:30] [main/INFO] - trinkets: 3.3.1
[10:39:30] [main/INFO] - vinery: 1.1.4
[10:39:30] [main/INFO] - worldedit: 7.2.10+1742f98
[10:39:30] [main/INFO] - xlpackets: 3.1-1.18.2
[10:39:30] [main/INFO] - yigd: 1.3.13
[10:39:30] [main/INFO] ========================================
[10:39:30] [main/INFO] [REI] Registered plugin provider DefaultPlugin [roughlyenoughitems] for REIPlugin
[10:39:30] [main/INFO] [REI] Registered plugin provider DefaultRuntimePlugin [roughlyenoughitems] for REIPlugin
[10:39:30] [main/INFO] [REI] Registered plugin provider REIPluginServer [tconstruct] for REIPlugin
[10:39:30] [main/INFO] [REI] Registered plugin provider DefaultPlugin [roughlyenoughitems] for REIServerPlugin
[10:39:30] [main/INFO] [REI] Registered plugin provider DefaultRuntimePlugin [roughlyenoughitems] for REIServerPlugin
[10:39:30] [main/INFO] [REI] Registered plugin provider REIPluginServer [tconstruct] for REIServerPlugin
[10:39:30] [main/INFO] [REI] Registered plugin provider FabricFluidAPISupportPlugin for REIServerPlugin
[10:39:30] [main/INFO] [REI] Registered plugin provider FabricFluidAPISupportPlugin for REIPlugin
[10:39:40] [Worker-Main-8/DEBUG] [REI] Processed 5 tags in 646.6 μs for minecraft:enchantment[10:39:40] [Worker-Main-4/DEBUG] [REI] Processed 1 tags in 754.7 μs for minecraft:point_of_interest_type[10:39:40] [Worker-Main-13/DEBUG] [REI] Processed 2 tags in 720.6 μs for minecraft:game_event


[10:39:40] [Worker-Main-2/DEBUG] [REI] Processed 1 tags in 28.30 μs for minecraft:block_entity_type
[10:39:40] [Worker-Main-12/DEBUG] [REI] Processed 0 tags in 9.900 μs for minecraft:worldgen/configured_structure_feature
[10:39:40] [Worker-Main-9/DEBUG] [REI] Processed 37 tags in 103.8 μs for minecraft:entity_type
[10:39:41] [Worker-Main-5/DEBUG] [REI] Processed 0 tags in 38.80 μs for minecraft:worldgen/biome
[10:39:41] [Worker-Main-15/DEBUG] [REI] Processed 145 tags in 261.6 μs for minecraft:fluid
[10:39:42] [Worker-Main-6/DEBUG] [REI] Processed 898 tags in 9.290 ms for minecraft:block
[10:39:42] [Worker-Main-10/DEBUG] [REI] Processed 1552 tags in 6.056 ms for minecraft:item
[10:39:52] [Worker-Main-11/TRACE] [REI] [START] Reloading Section: "pre-register/"
[10:39:52] [Worker-Main-11/TRACE] [REI] [START] Reloading Section: "pre-register/DefaultPlugin of DefaultPlugin [roughlyenoughitems]/"
[10:39:52] [Worker-Main-11/TRACE] [REI] [START] Reloading Section: "pre-register/DefaultPlugin of DefaultPlugin [roughlyenoughitems]/" done in 943.9 μs
[10:39:52] [Worker-Main-11/TRACE] [REI] [START] Reloading Section: "pre-register/FabricFluidAPISupportPlugin/"
[10:39:52] [Worker-Main-11/TRACE] [REI] [START] Reloading Section: "pre-register/FabricFluidAPISupportPlugin/" done in 15.20 μs
[10:39:52] [Worker-Main-11/TRACE] [REI] [START] Reloading Section: "pre-register/REIPluginServer of REIPluginServer [tconstruct]/"
[10:39:52] [Worker-Main-11/TRACE] [REI] [START] Reloading Section: "pre-register/REIPluginServer of REIPluginServer [tconstruct]/" done in 17.80 μs
[10:39:52] [Worker-Main-11/TRACE] [REI] [START] Reloading Section: "pre-register/DefaultRuntimePlugin of DefaultRuntimePlugin [roughlyenoughitems]/"
[10:39:52] [Worker-Main-11/TRACE] [REI] [START] Reloading Section: "pre-register/DefaultRuntimePlugin of DefaultRuntimePlugin [roughlyenoughitems]/" done in 7.700 μs
[10:39:52] [Worker-Main-11/TRACE] [REI] [START] Reloading Section: "pre-register/" done in 11.07 ms
[10:39:52] [Worker-Main-11/TRACE] [REI] [START] Reloading Section: "pre-register/"
[10:39:52] [Worker-Main-11/TRACE] [REI] [START] Reloading Section: "pre-register/DefaultPlugin of DefaultPlugin [roughlyenoughitems]/"
[10:39:52] [Worker-Main-11/TRACE] [REI] [START] Reloading Section: "pre-register/DefaultPlugin of DefaultPlugin [roughlyenoughitems]/" done in 6.300 μs
[10:39:52] [Worker-Main-11/TRACE] [REI] [START] Reloading Section: "pre-register/FabricFluidAPISupportPlugin/"
[10:39:52] [Worker-Main-11/TRACE] [REI] [START] Reloading Section: "pre-register/FabricFluidAPISupportPlugin/" done in 5.800 μs
[10:39:52] [Worker-Main-11/TRACE] [REI] [START] Reloading Section: "pre-register/REIPluginServer of REIPluginServer [tconstruct]/"
[10:39:52] [Worker-Main-11/TRACE] [REI] [START] Reloading Section: "pre-register/REIPluginServer of REIPluginServer [tconstruct]/" done in 6.000 μs
[10:39:52] [Worker-Main-11/TRACE] [REI] [START] Reloading Section: "pre-register/DefaultRuntimePlugin of DefaultRuntimePlugin [roughlyenoughitems]/"
[10:39:52] [Worker-Main-11/TRACE] [REI] [START] Reloading Section: "pre-register/DefaultRuntimePlugin of DefaultRuntimePlugin [roughlyenoughitems]/" done in 6.100 μs
[10:39:52] [Worker-Main-11/TRACE] [REI] [START] Reloading Section: "pre-register/" done in 338.7 μs
[10:39:52] [Worker-Main-11/TRACE] [REI] [START] Reloading Section: "start-reload/"
[10:39:52] [Worker-Main-11/TRACE] [REI] [START] Reloading Section: "start-reload/EntryTypeRegistryImpl/"
[10:39:52] [Worker-Main-11/TRACE] [REI] [START] Reloading Section: "start-reload/EntryTypeRegistryImpl/" done in 280.6 μs
[10:39:52] [Worker-Main-11/TRACE] [REI] [START] Reloading Section: "start-reload/EntrySettingsAdapterRegistryImpl/"
[10:39:52] [Worker-Main-11/TRACE] [REI] [START] Reloading Section: "start-reload/EntrySettingsAdapterRegistryImpl/" done in 6.400 μs
[10:39:52] [Worker-Main-11/TRACE] [REI] [START] Reloading Section: "start-reload/RecipeManagerContextImpl/"
[10:39:52] [Worker-Main-11/TRACE] [REI] [START] Reloading Section: "start-reload/RecipeManagerContextImpl/" done in 3.000 μs
[10:39:52] [Worker-Main-11/TRACE] [REI] [START] Reloading Section: "start-reload/ItemComparatorRegistryImpl/"
[10:39:52] [Worker-Main-11/TRACE] [REI] [START] Reloading Section: "start-reload/ItemComparatorRegistryImpl/" done in 18.50 μs
[10:39:52] [Worker-Main-11/TRACE] [REI] [START] Reloading Section: "start-reload/FluidComparatorRegistryImpl/"
[10:39:52] [Worker-Main-11/TRACE] [REI] [START] Reloading Section: "start-reload/FluidComparatorRegistryImpl/" done in 6.100 μs
[10:39:52] [Worker-Main-11/TRACE] [REI] [START] Reloading Section: "start-reload/DisplaySerializerRegistryImpl/"
[10:39:52] [Worker-Main-11/TRACE] [REI] [START] Reloading Section: "start-reload/DisplaySerializerRegistryImpl/" done in 2.900 μs
[10:39:52] [Worker-Main-11/TRACE] [REI] [START] Reloading Section: "start-reload/FluidSupportProviderImpl/"
[10:39:52] [Worker-Main-11/TRACE] [REI] [START] Reloading Section: "start-reload/FluidSupportProviderImpl/" done in 11.00 μs
[10:39:52] [Worker-Main-11/TRACE] [REI] [START] Reloading Section: "start-reload/" done in 754.2 μs
[10:39:52] [Worker-Main-11/INFO] [REI] Reloading Plugin Manager [REIPlugin] stage [START], registered 4 plugins: DefaultRuntimePlugin of DefaultRuntimePlugin [roughlyenoughitems], REIPluginServer of REIPluginServer [tconstruct], FabricFluidAPISupportPlugin, DefaultPlugin of DefaultPlugin [roughlyenoughitems]
[10:39:52] [Worker-Main-11/TRACE] [REI] [START] Reloading Section: "reloadable-plugin/EntryTypeRegistryImpl/"
[10:39:52] [Worker-Main-11/TRACE] [REI] [START] Reloading Section: "reloadable-plugin/EntryTypeRegistryImpl/DefaultPlugin of DefaultPlugin [roughlyenoughitems]/"
[10:39:52] [Worker-Main-11/TRACE] [REI] [START] Reloading Section: "reloadable-plugin/EntryTypeRegistryImpl/DefaultPlugin of DefaultPlugin [roughlyenoughitems]/" done in 177.6 μs
[10:39:52] [Worker-Main-11/TRACE] [REI] [START] Reloading Section: "reloadable-plugin/EntryTypeRegistryImpl/FabricFluidAPISupportPlugin/"
[10:39:52] [Worker-Main-11/TRACE] [REI] [START] Reloading Section: "reloadable-plugin/EntryTypeRegistryImpl/FabricFluidAPISupportPlugin/" done in 6.500 μs
[10:39:52] [Worker-Main-11/TRACE] [REI] [START] Reloading Section: "reloadable-plugin/EntryTypeRegistryImpl/REIPluginServer of REIPluginServer [tconstruct]/"
[10:39:52] [Worker-Main-11/TRACE] [REI] [START] Reloading Section: "reloadable-plugin/EntryTypeRegistryImpl/REIPluginServer of REIPluginServer [tconstruct]/" done in 9.200 μs
[10:39:52] [Worker-Main-11/TRACE] [REI] [START] Reloading Section: "reloadable-plugin/EntryTypeRegistryImpl/DefaultRuntimePlugin of DefaultRuntimePlugin [roughlyenoughitems]/"
[10:39:52] [Worker-Main-11/TRACE] [REI] [START] Reloading Section: "reloadable-plugin/EntryTypeRegistryImpl/DefaultRuntimePlugin of DefaultRuntimePlugin [roughlyenoughitems]/" done in 15.82 ms
[10:39:52] [Worker-Main-11/TRACE] [REI] [START] Reloading Section: "reloadable-plugin/EntryTypeRegistryImpl/" done in 16.75 ms
[10:39:52] [Worker-Main-11/TRACE] [REI] [START] Reloading Section: "reloadable-plugin/EntrySettingsAdapterRegistryImpl/"
[10:39:52] [Worker-Main-11/TRACE] [REI] [START] Reloading Section: "reloadable-plugin/EntrySettingsAdapterRegistryImpl/DefaultPlugin of DefaultPlugin [roughlyenoughitems]/"
[10:39:52] [Worker-Main-11/TRACE] [REI] [START] Reloading Section: "reloadable-plugin/EntrySettingsAdapterRegistryImpl/DefaultPlugin of DefaultPlugin [roughlyenoughitems]/" done in 13.50 μs
[10:39:52] [Worker-Main-11/TRACE] [REI] [START] Reloading Section: "reloadable-plugin/EntrySettingsAdapterRegistryImpl/FabricFluidAPISupportPlugin/"
[10:39:52] [Worker-Main-11/TRACE] [REI] [START] Reloading Section: "reloadable-plugin/EntrySettingsAdapterRegistryImpl/FabricFluidAPISupportPlugin/" done in 8.400 μs
[10:39:52] [Worker-Main-11/TRACE] [REI] [START] Reloading Section: "reloadable-plugin/EntrySettingsAdapterRegistryImpl/REIPluginServer of REIPluginServer [tconstruct]/"
[10:39:52] [Worker-Main-11/TRACE] [REI] [START] Reloading Section: "reloadable-plugin/EntrySettingsAdapterRegistryImpl/REIPluginServer of REIPluginServer [tconstruct]/" done in 6.400 μs
[10:39:52] [Worker-Main-11/TRACE] [REI] [START] Reloading Section: "reloadable-plugin/EntrySettingsAdapterRegistryImpl/DefaultRuntimePlugin of DefaultRuntimePlugin [roughlyenoughitems]/"
[10:39:52] [Worker-Main-11/TRACE] [REI] [START] Reloading Section: "reloadable-plugin/EntrySettingsAdapterRegistryImpl/DefaultRuntimePlugin of DefaultRuntimePlugin [roughlyenoughitems]/" done in 5.200 μs
[10:39:52] [Worker-Main-11/TRACE] [REI] [START] Reloading Section: "reloadable-plugin/EntrySettingsAdapterRegistryImpl/" done in 275.7 μs
[10:39:52] [Worker-Main-11/TRACE] [REI] [START] Reloading Section: "reloadable-plugin/RecipeManagerContextImpl/"
[10:39:52] [Worker-Main-11/TRACE] [REI] [START] Reloading Section: "reloadable-plugin/RecipeManagerContextImpl/DefaultPlugin of DefaultPlugin [roughlyenoughitems]/"
[10:39:52] [Worker-Main-11/TRACE] [REI] [START] Reloading Section: "reloadable-plugin/RecipeManagerContextImpl/DefaultPlugin of DefaultPlugin [roughlyenoughitems]/" done in 4.600 μs
[10:39:52] [Worker-Main-11/TRACE] [REI] [START] Reloading Section: "reloadable-plugin/RecipeManagerContextImpl/FabricFluidAPISupportPlugin/"
[10:39:52] [Worker-Main-11/TRACE] [REI] [START] Reloading Section: "reloadable-plugin/RecipeManagerContextImpl/FabricFluidAPISupportPlugin/" done in 5.800 μs
[10:39:52] [Worker-Main-11/TRACE] [REI] [START] Reloading Section: "reloadable-plugin/RecipeManagerContextImpl/REIPluginServer of REIPluginServer [tconstruct]/"
[10:39:52] [Worker-Main-11/TRACE] [REI] [START] Reloading Section: "reloadable-plugin/RecipeManagerContextImpl/REIPluginServer of REIPluginServer [tconstruct]/" done in 5.700 μs
[10:39:52] [Worker-Main-11/TRACE] [REI] [START] Reloading Section: "reloadable-plugin/RecipeManagerContextImpl/DefaultRuntimePlugin of DefaultRuntimePlugin [roughlyenoughitems]/"
[10:39:52] [Worker-Main-11/TRACE] [REI] [START] Reloading Section: "reloadable-plugin/RecipeManagerContextImpl/DefaultRuntimePlugin of DefaultRuntimePlugin [roughlyenoughitems]/" done in 4.900 μs
[10:39:52] [Worker-Main-11/TRACE] [REI] [START] Reloading Section: "reloadable-plugin/RecipeManagerContextImpl/" done in 219.2 μs
[10:39:52] [Worker-Main-11/TRACE] [REI] [START] Reloading Section: "reloadable-plugin/ItemComparatorRegistryImpl/"
[10:39:52] [Worker-Main-11/TRACE] [REI] [START] Reloading Section: "reloadable-plugin/ItemComparatorRegistryImpl/DefaultPlugin of DefaultPlugin [roughlyenoughitems]/"
[10:39:52] [Worker-Main-11/TRACE] [REI] [START] Reloading Section: "reloadable-plugin/ItemComparatorRegistryImpl/DefaultPlugin of DefaultPlugin [roughlyenoughitems]/" done in 583.3 μs
[10:39:52] [Worker-Main-11/TRACE] [REI] [START] Reloading Section: "reloadable-plugin/ItemComparatorRegistryImpl/FabricFluidAPISupportPlugin/"
[10:39:52] [Worker-Main-11/TRACE] [REI] [START] Reloading Section: "reloadable-plugin/ItemComparatorRegistryImpl/FabricFluidAPISupportPlugin/" done in 7.600 μs
[10:39:52] [Worker-Main-11/TRACE] [REI] [START] Reloading Section: "reloadable-plugin/ItemComparatorRegistryImpl/REIPluginServer of REIPluginServer [tconstruct]/"
[10:39:52] [Worker-Main-11/TRACE] [REI] [START] Reloading Section: "reloadable-plugin/ItemComparatorRegistryImpl/REIPluginServer of REIPluginServer [tconstruct]/" done in 6.400 μs
[10:39:52] [Worker-Main-11/TRACE] [REI] [START] Reloading Section: "reloadable-plugin/ItemComparatorRegistryImpl/DefaultRuntimePlugin of DefaultRuntimePlugin [roughlyenoughitems]/"
[10:39:52] [Worker-Main-11/TRACE] [REI] [START] Reloading Section: "reloadable-plugin/ItemComparatorRegistryImpl/DefaultRuntimePlugin of DefaultRuntimePlugin [roughlyenoughitems]/" done in 5.200 μs
[10:39:52] [Worker-Main-11/TRACE] [REI] [START] Reloading Section: "reloadable-plugin/ItemComparatorRegistryImpl/" done in 802.9 μs
[10:39:52] [Worker-Main-11/TRACE] [REI] [START] Reloading Section: "reloadable-plugin/FluidComparatorRegistryImpl/"
[10:39:52] [Worker-Main-11/TRACE] [REI] [START] Reloading Section: "reloadable-plugin/FluidComparatorRegistryImpl/DefaultPlugin of DefaultPlugin [roughlyenoughitems]/"
[10:39:52] [Worker-Main-11/TRACE] [REI] [START] Reloading Section: "reloadable-plugin/FluidComparatorRegistryImpl/DefaultPlugin of DefaultPlugin [roughlyenoughitems]/" done in 10.00 μs
[10:39:52] [Worker-Main-11/TRACE] [REI] [START] Reloading Section: "reloadable-plugin/FluidComparatorRegistryImpl/FabricFluidAPISupportPlugin/"
[10:39:52] [Worker-Main-11/TRACE] [REI] [START] Reloading Section: "reloadable-plugin/FluidComparatorRegistryImpl/FabricFluidAPISupportPlugin/" done in 5.700 μs
[10:39:52] [Worker-Main-11/TRACE] [REI] [START] Reloading Section: "reloadable-plugin/FluidComparatorRegistryImpl/REIPluginServer of REIPluginServer [tconstruct]/"
[10:39:52] [Worker-Main-11/TRACE] [REI] [START] Reloading Section: "reloadable-plugin/FluidComparatorRegistryImpl/REIPluginServer of REIPluginServer [tconstruct]/" done in 10.00 μs
[10:39:52] [Worker-Main-11/TRACE] [REI] [START] Reloading Section: "reloadable-plugin/FluidComparatorRegistryImpl/DefaultRuntimePlugin of DefaultRuntimePlugin [roughlyenoughitems]/"
[10:39:52] [Worker-Main-11/TRACE] [REI] [START] Reloading Section: "reloadable-plugin/FluidComparatorRegistryImpl/DefaultRuntimePlugin of DefaultRuntimePlugin [roughlyenoughitems]/" done in 8.200 μs
[10:39:52] [Worker-Main-11/TRACE] [REI] [START] Reloading Section: "reloadable-plugin/FluidComparatorRegistryImpl/" done in 340.2 μs
[10:39:52] [Worker-Main-11/TRACE] [REI] [START] Reloading Section: "reloadable-plugin/DisplaySerializerRegistryImpl/"
[10:39:52] [Worker-Main-11/TRACE] [REI] [START] Reloading Section: "reloadable-plugin/DisplaySerializerRegistryImpl/DefaultPlugin of DefaultPlugin [roughlyenoughitems]/"
[10:39:52] [Worker-Main-11/TRACE] [REI] [START] Reloading Section: "reloadable-plugin/DisplaySerializerRegistryImpl/DefaultPlugin of DefaultPlugin [roughlyenoughitems]/" done in 5.200 μs
[10:39:52] [Worker-Main-11/TRACE] [REI] [START] Reloading Section: "reloadable-plugin/DisplaySerializerRegistryImpl/FabricFluidAPISupportPlugin/"
[10:39:52] [Worker-Main-11/TRACE] [REI] [START] Reloading Section: "reloadable-plugin/DisplaySerializerRegistryImpl/FabricFluidAPISupportPlugin/" done in 5.900 μs
[10:39:52] [Worker-Main-11/TRACE] [REI] [START] Reloading Section: "reloadable-plugin/DisplaySerializerRegistryImpl/REIPluginServer of REIPluginServer [tconstruct]/"
[10:39:52] [Worker-Main-11/TRACE] [REI] [START] Reloading Section: "reloadable-plugin/DisplaySerializerRegistryImpl/REIPluginServer of REIPluginServer [tconstruct]/" done in 6.000 μs
[10:39:52] [Worker-Main-11/TRACE] [REI] [START] Reloading Section: "reloadable-plugin/DisplaySerializerRegistryImpl/DefaultRuntimePlugin of DefaultRuntimePlugin [roughlyenoughitems]/"
[10:39:52] [Worker-Main-11/TRACE] [REI] [START] Reloading Section: "reloadable-plugin/DisplaySerializerRegistryImpl/DefaultRuntimePlugin of DefaultRuntimePlugin [roughlyenoughitems]/" done in 5.000 μs
[10:39:52] [Worker-Main-11/TRACE] [REI] [START] Reloading Section: "reloadable-plugin/DisplaySerializerRegistryImpl/" done in 389.8 μs
[10:39:52] [Worker-Main-11/TRACE] [REI] [START] Reloading Section: "reloadable-plugin/FluidSupportProviderImpl/"
[10:39:52] [Worker-Main-11/TRACE] [REI] [START] Reloading Section: "reloadable-plugin/FluidSupportProviderImpl/DefaultPlugin of DefaultPlugin [roughlyenoughitems]/"
[10:39:52] [Worker-Main-11/TRACE] [REI] [START] Reloading Section: "reloadable-plugin/FluidSupportProviderImpl/DefaultPlugin of DefaultPlugin [roughlyenoughitems]/" done in 711.1 μs
[10:39:52] [Worker-Main-11/TRACE] [REI] [START] Reloading Section: "reloadable-plugin/FluidSupportProviderImpl/FabricFluidAPISupportPlugin/"
[10:39:52] [Worker-Main-11/TRACE] [REI] [START] Reloading Section: "reloadable-plugin/FluidSupportProviderImpl/FabricFluidAPISupportPlugin/" done in 140.3 μs
[10:39:52] [Worker-Main-11/TRACE] [REI] [START] Reloading Section: "reloadable-plugin/FluidSupportProviderImpl/REIPluginServer of REIPluginServer [tconstruct]/"
[10:39:52] [Worker-Main-11/TRACE] [REI] [START] Reloading Section: "reloadable-plugin/FluidSupportProviderImpl/REIPluginServer of REIPluginServer [tconstruct]/" done in 7.300 μs
[10:39:52] [Worker-Main-11/TRACE] [REI] [START] Reloading Section: "reloadable-plugin/FluidSupportProviderImpl/DefaultRuntimePlugin of DefaultRuntimePlugin [roughlyenoughitems]/"
[10:39:52] [Worker-Main-11/TRACE] [REI] [START] Reloading Section: "reloadable-plugin/FluidSupportProviderImpl/DefaultRuntimePlugin of DefaultRuntimePlugin [roughlyenoughitems]/" done in 5.500 μs
[10:39:52] [Worker-Main-11/TRACE] [REI] [START] Reloading Section: "reloadable-plugin/FluidSupportProviderImpl/" done in 1.086 ms
[10:39:52] [Worker-Main-11/TRACE] [REI] [START] Reloading Section: "end-reload/"
[10:39:52] [Worker-Main-11/TRACE] [REI] [START] Reloading Section: "end-reload/EntryTypeRegistryImpl/"
[10:39:52] [Worker-Main-11/TRACE] [REI] [START] Reloading Section: "end-reload/EntryTypeRegistryImpl/" done in 8.300 μs
[10:39:52] [Worker-Main-11/TRACE] [REI] [START] Reloading Section: "end-reload/EntrySettingsAdapterRegistryImpl/"
[10:39:52] [Worker-Main-11/TRACE] [REI] [START] Reloading Section: "end-reload/EntrySettingsAdapterRegistryImpl/" done in 2.800 μs
[10:39:52] [Worker-Main-11/TRACE] [REI] [START] Reloading Section: "end-reload/RecipeManagerContextImpl/"
[10:39:52] [Worker-Main-11/TRACE] [REI] [START] Reloading Section: "end-reload/RecipeManagerContextImpl/" done in 2.400 μs
[10:39:52] [Worker-Main-11/TRACE] [REI] [START] Reloading Section: "end-reload/ItemComparatorRegistryImpl/"
[10:39:52] [Worker-Main-11/TRACE] [REI] [START] Reloading Section: "end-reload/ItemComparatorRegistryImpl/" done in 2.700 μs
[10:39:52] [Worker-Main-11/TRACE] [REI] [START] Reloading Section: "end-reload/FluidComparatorRegistryImpl/"
[10:39:52] [Worker-Main-11/TRACE] [REI] [START] Reloading Section: "end-reload/FluidComparatorRegistryImpl/" done in 2.400 μs
[10:39:52] [Worker-Main-11/TRACE] [REI] [START] Reloading Section: "end-reload/DisplaySerializerRegistryImpl/"
[10:39:52] [Worker-Main-11/TRACE] [REI] [START] Reloading Section: "end-reload/DisplaySerializerRegistryImpl/" done in 2.300 μs
[10:39:52] [Worker-Main-11/TRACE] [REI] [START] Reloading Section: "end-reload/FluidSupportProviderImpl/"
[10:39:52] [Worker-Main-11/TRACE] [REI] [START] Reloading Section: "end-reload/FluidSupportProviderImpl/" done in 2.400 μs
[10:39:52] [Worker-Main-11/TRACE] [REI] [START] Reloading Section: "end-reload/" done in 321.8 μs
[10:39:52] [Worker-Main-11/TRACE] [REI] [START] Reloading Section: "start-reload/"
[10:39:52] [Worker-Main-11/TRACE] [REI] [START] Reloading Section: "start-reload/MenuInfoRegistryImpl/"
[10:39:52] [Worker-Main-11/TRACE] [REI] [START] Reloading Section: "start-reload/MenuInfoRegistryImpl/" done in 3.700 μs
[10:39:52] [Worker-Main-11/TRACE] [REI] [START] Reloading Section: "start-reload/" done in 44.90 μs
[10:39:52] [Worker-Main-11/INFO] [REI] Reloading Plugin Manager [REIServerPlugin] stage [START], registered 4 plugins: DefaultRuntimePlugin of DefaultRuntimePlugin [roughlyenoughitems], REIPluginServer of REIPluginServer [tconstruct], FabricFluidAPISupportPlugin, DefaultPlugin of DefaultPlugin [roughlyenoughitems]
[10:39:52] [Worker-Main-11/TRACE] [REI] [START] Reloading Section: "reloadable-plugin/MenuInfoRegistryImpl/"
[10:39:52] [Worker-Main-11/TRACE] [REI] [START] Reloading Section: "reloadable-plugin/MenuInfoRegistryImpl/DefaultPlugin of DefaultPlugin [roughlyenoughitems]/"
[10:39:52] [Worker-Main-11/TRACE] [REI] [START] Reloading Section: "reloadable-plugin/MenuInfoRegistryImpl/DefaultPlugin of DefaultPlugin [roughlyenoughitems]/" done in 6.200 μs
[10:39:52] [Worker-Main-11/TRACE] [REI] [START] Reloading Section: "reloadable-plugin/MenuInfoRegistryImpl/FabricFluidAPISupportPlugin/"
[10:39:52] [Worker-Main-11/TRACE] [REI] [START] Reloading Section: "reloadable-plugin/MenuInfoRegistryImpl/FabricFluidAPISupportPlugin/" done in 6.000 μs
[10:39:52] [Worker-Main-11/TRACE] [REI] [START] Reloading Section: "reloadable-plugin/MenuInfoRegistryImpl/REIPluginServer of REIPluginServer [tconstruct]/"
[10:39:52] [Worker-Main-11/TRACE] [REI] [START] Reloading Section: "reloadable-plugin/MenuInfoRegistryImpl/REIPluginServer of REIPluginServer [tconstruct]/" done in 5.200 μs
[10:39:52] [Worker-Main-11/TRACE] [REI] [START] Reloading Section: "reloadable-plugin/MenuInfoRegistryImpl/DefaultRuntimePlugin of DefaultRuntimePlugin [roughlyenoughitems]/"
[10:39:52] [Worker-Main-11/TRACE] [REI] [START] Reloading Section: "reloadable-plugin/MenuInfoRegistryImpl/DefaultRuntimePlugin of DefaultRuntimePlugin [roughlyenoughitems]/" done in 5.100 μs
[10:39:52] [Worker-Main-11/TRACE] [REI] [START] Reloading Section: "reloadable-plugin/MenuInfoRegistryImpl/" done in 274.3 μs
[10:39:52] [Worker-Main-11/TRACE] [REI] [START] Reloading Section: "end-reload/"
[10:39:52] [Worker-Main-11/TRACE] [REI] [START] Reloading Section: "end-reload/MenuInfoRegistryImpl/"
[10:39:52] [Worker-Main-11/TRACE] [REI] [START] Reloading Section: "end-reload/MenuInfoRegistryImpl/" done in 4.200 μs
[10:39:52] [Worker-Main-11/TRACE] [REI] [START] Reloading Section: "end-reload/" done in 52.70 μs
[10:39:52] [Worker-Main-11/TRACE] [REI] [START] Reloading Section: "post-register/"
[10:39:52] [Worker-Main-11/TRACE] [REI] [START] Reloading Section: "post-register/DefaultPlugin of DefaultPlugin [roughlyenoughitems]/"
[10:39:52] [Worker-Main-11/TRACE] [REI] [START] Reloading Section: "post-register/DefaultPlugin of DefaultPlugin [roughlyenoughitems]/" done in 115.9 μs
[10:39:52] [Worker-Main-11/TRACE] [REI] [START] Reloading Section: "post-register/FabricFluidAPISupportPlugin/"
[10:39:52] [Worker-Main-11/TRACE] [REI] [START] Reloading Section: "post-register/FabricFluidAPISupportPlugin/" done in 5.500 μs
[10:39:52] [Worker-Main-11/TRACE] [REI] [START] Reloading Section: "post-register/REIPluginServer of REIPluginServer [tconstruct]/"
[10:39:52] [Worker-Main-11/TRACE] [REI] [START] Reloading Section: "post-register/REIPluginServer of REIPluginServer [tconstruct]/" done in 5.000 μs
[10:39:52] [Worker-Main-11/TRACE] [REI] [START] Reloading Section: "post-register/DefaultRuntimePlugin of DefaultRuntimePlugin [roughlyenoughitems]/"
[10:39:52] [Worker-Main-11/TRACE] [REI] [START] Reloading Section: "post-register/DefaultRuntimePlugin of DefaultRuntimePlugin [roughlyenoughitems]/" done in 4.100 μs
[10:39:52] [Worker-Main-11/TRACE] [REI] [START] Reloading Section: "post-register/" done in 522.4 μs
[10:39:52] [Worker-Main-11/INFO] [REI] Reloaded Plugin Manager [REIPlugin] with 4 plugins in 57.21 ms.
[10:39:52] [Worker-Main-11/TRACE] [REI] [START] Reloading Section: "post-register/"
[10:39:52] [Worker-Main-11/TRACE] [REI] [START] Reloading Section: "post-register/DefaultPlugin of DefaultPlugin [roughlyenoughitems]/"
[10:39:52] [Worker-Main-11/TRACE] [REI] [START] Reloading Section: "post-register/DefaultPlugin of DefaultPlugin [roughlyenoughitems]/" done in 6.600 μs
[10:39:52] [Worker-Main-11/TRACE] [REI] [START] Reloading Section: "post-register/FabricFluidAPISupportPlugin/"
[10:39:52] [Worker-Main-11/TRACE] [REI] [START] Reloading Section: "post-register/FabricFluidAPISupportPlugin/" done in 5.000 μs
[10:39:52] [Worker-Main-11/TRACE] [REI] [START] Reloading Section: "post-register/REIPluginServer of REIPluginServer [tconstruct]/"
[10:39:52] [Worker-Main-11/TRACE] [REI] [START] Reloading Section: "post-register/REIPluginServer of REIPluginServer [tconstruct]/" done in 6.300 μs
[10:39:52] [Worker-Main-11/TRACE] [REI] [START] Reloading Section: "post-register/DefaultRuntimePlugin of DefaultRuntimePlugin [roughlyenoughitems]/"
[10:39:52] [Worker-Main-11/TRACE] [REI] [START] Reloading Section: "post-register/DefaultRuntimePlugin of DefaultRuntimePlugin [roughlyenoughitems]/" done in 4.900 μs
[10:39:52] [Worker-Main-11/TRACE] [REI] [START] Reloading Section: "post-register/" done in 244.4 μs
[10:39:52] [Worker-Main-11/INFO] [REI] Reloaded Plugin Manager [REIServerPlugin] with 4 plugins in 1.705 ms.
[10:39:52] [Worker-Main-11/TRACE] [REI] [END] Reloading Section: "pre-register/"
[10:39:52] [Worker-Main-11/TRACE] [REI] [END] Reloading Section: "pre-register/DefaultPlugin of DefaultPlugin [roughlyenoughitems]/"
[10:39:52] [Worker-Main-11/TRACE] [REI] [END] Reloading Section: "pre-register/DefaultPlugin of DefaultPlugin [roughlyenoughitems]/" done in 7.800 μs
[10:39:52] [Worker-Main-11/TRACE] [REI] [END] Reloading Section: "pre-register/FabricFluidAPISupportPlugin/"
[10:39:52] [Worker-Main-11/TRACE] [REI] [END] Reloading Section: "pre-register/FabricFluidAPISupportPlugin/" done in 4.700 μs
[10:39:52] [Worker-Main-11/TRACE] [REI] [END] Reloading Section: "pre-register/REIPluginServer of REIPluginServer [tconstruct]/"
[10:39:52] [Worker-Main-11/TRACE] [REI] [END] Reloading Section: "pre-register/REIPluginServer of REIPluginServer [tconstruct]/" done in 4.700 μs
[10:39:52] [Worker-Main-11/TRACE] [REI] [END] Reloading Section: "pre-register/DefaultRuntimePlugin of DefaultRuntimePlugin [roughlyenoughitems]/"
[10:39:52] [Worker-Main-11/TRACE] [REI] [END] Reloading Section: "pre-register/DefaultRuntimePlugin of DefaultRuntimePlugin [roughlyenoughitems]/" done in 4.700 μs
[10:39:52] [Worker-Main-11/TRACE] [REI] [END] Reloading Section: "pre-register/" done in 236.3 μs
[10:39:52] [Worker-Main-11/TRACE] [REI] [END] Reloading Section: "pre-register/"
[10:39:52] [Worker-Main-11/TRACE] [REI] [END] Reloading Section: "pre-register/DefaultPlugin of DefaultPlugin [roughlyenoughitems]/"
[10:39:52] [Worker-Main-11/TRACE] [REI] [END] Reloading Section: "pre-register/DefaultPlugin of DefaultPlugin [roughlyenoughitems]/" done in 4.700 μs
[10:39:52] [Worker-Main-11/TRACE] [REI] [END] Reloading Section: "pre-register/FabricFluidAPISupportPlugin/"
[10:39:52] [Worker-Main-11/TRACE] [REI] [END] Reloading Section: "pre-register/FabricFluidAPISupportPlugin/" done in 5.400 μs
[10:39:52] [Worker-Main-11/TRACE] [REI] [END] Reloading Section: "pre-register/REIPluginServer of REIPluginServer [tconstruct]/"
[10:39:52] [Worker-Main-11/TRACE] [REI] [END] Reloading Section: "pre-register/REIPluginServer of REIPluginServer [tconstruct]/" done in 5.100 μs
[10:39:52] [Worker-Main-11/TRACE] [REI] [END] Reloading Section: "pre-register/DefaultRuntimePlugin of DefaultRuntimePlugin [roughlyenoughitems]/"
[10:39:52] [Worker-Main-11/TRACE] [REI] [END] Reloading Section: "pre-register/DefaultRuntimePlugin of DefaultRuntimePlugin [roughlyenoughitems]/" done in 5.500 μs
[10:39:52] [Worker-Main-11/TRACE] [REI] [END] Reloading Section: "pre-register/" done in 258.2 μs
[10:39:52] [Worker-Main-11/TRACE] [REI] [END] Reloading Section: "start-reload/"
[10:39:52] [Worker-Main-11/TRACE] [REI] [END] Reloading Section: "start-reload/EntryTypeRegistryImpl/"
[10:39:52] [Worker-Main-11/TRACE] [REI] [END] Reloading Section: "start-reload/EntryTypeRegistryImpl/" done in 4.900 μs
[10:39:52] [Worker-Main-11/TRACE] [REI] [END] Reloading Section: "start-reload/EntrySettingsAdapterRegistryImpl/"
[10:39:52] [Worker-Main-11/TRACE] [REI] [END] Reloading Section: "start-reload/EntrySettingsAdapterRegistryImpl/" done in 15.20 μs
[10:39:52] [Worker-Main-11/TRACE] [REI] [END] Reloading Section: "start-reload/RecipeManagerContextImpl/"
[10:39:52] [Worker-Main-11/TRACE] [REI] [END] Reloading Section: "start-reload/RecipeManagerContextImpl/" done in 4.300 μs
[10:39:52] [Worker-Main-11/TRACE] [REI] [END] Reloading Section: "start-reload/ItemComparatorRegistryImpl/"
[10:39:52] [Worker-Main-11/TRACE] [REI] [END] Reloading Section: "start-reload/ItemComparatorRegistryImpl/" done in 4.200 μs
[10:39:52] [Worker-Main-11/TRACE] [REI] [END] Reloading Section: "start-reload/FluidComparatorRegistryImpl/"
[10:39:52] [Worker-Main-11/TRACE] [REI] [END] Reloading Section: "start-reload/FluidComparatorRegistryImpl/" done in 4.000 μs
[10:39:52] [Worker-Main-11/TRACE] [REI] [END] Reloading Section: "start-reload/DisplaySerializerRegistryImpl/"
[10:39:52] [Worker-Main-11/TRACE] [REI] [END] Reloading Section: "start-reload/DisplaySerializerRegistryImpl/" done in 20.90 μs
[10:39:52] [Worker-Main-11/TRACE] [REI] [END] Reloading Section: "start-reload/FluidSupportProviderImpl/"
[10:39:52] [Worker-Main-11/TRACE] [REI] [END] Reloading Section: "start-reload/FluidSupportProviderImpl/" done in 4.100 μs
[10:39:52] [Worker-Main-11/TRACE] [REI] [END] Reloading Section: "start-reload/" done in 419.7 μs
[10:39:52] [Worker-Main-11/INFO] [REI] Reloading Plugin Manager [REIPlugin] stage [END], registered 4 plugins: DefaultRuntimePlugin of DefaultRuntimePlugin [roughlyenoughitems], REIPluginServer of REIPluginServer [tconstruct], FabricFluidAPISupportPlugin, DefaultPlugin of DefaultPlugin [roughlyenoughitems]
[10:39:52] [Worker-Main-11/TRACE] [REI] [END] Reloading Section: "reloadable-plugin/EntryTypeRegistryImpl/"
[10:39:52] [Worker-Main-11/TRACE] [REI] [END] Reloading Section: "reloadable-plugin/EntryTypeRegistryImpl/DefaultPlugin of DefaultPlugin [roughlyenoughitems]/"
[10:39:52] [Worker-Main-11/TRACE] [REI] [END] Reloading Section: "reloadable-plugin/EntryTypeRegistryImpl/DefaultPlugin of DefaultPlugin [roughlyenoughitems]/" done in 9.100 μs
[10:39:52] [Worker-Main-11/TRACE] [REI] [END] Reloading Section: "reloadable-plugin/EntryTypeRegistryImpl/FabricFluidAPISupportPlugin/"
[10:39:52] [Worker-Main-11/TRACE] [REI] [END] Reloading Section: "reloadable-plugin/EntryTypeRegistryImpl/FabricFluidAPISupportPlugin/" done in 9.400 μs
[10:39:52] [Worker-Main-11/TRACE] [REI] [END] Reloading Section: "reloadable-plugin/EntryTypeRegistryImpl/REIPluginServer of REIPluginServer [tconstruct]/"
[10:39:52] [Worker-Main-11/TRACE] [REI] [END] Reloading Section: "reloadable-plugin/EntryTypeRegistryImpl/REIPluginServer of REIPluginServer [tconstruct]/" done in 7.800 μs
[10:39:52] [Worker-Main-11/TRACE] [REI] [END] Reloading Section: "reloadable-plugin/EntryTypeRegistryImpl/DefaultRuntimePlugin of DefaultRuntimePlugin [roughlyenoughitems]/"
[10:39:52] [Worker-Main-11/TRACE] [REI] [END] Reloading Section: "reloadable-plugin/EntryTypeRegistryImpl/DefaultRuntimePlugin of DefaultRuntimePlugin [roughlyenoughitems]/" done in 5.100 μs
[10:39:52] [Worker-Main-11/TRACE] [REI] [END] Reloading Section: "reloadable-plugin/EntryTypeRegistryImpl/" done in 371.1 μs
[10:39:52] [Worker-Main-11/TRACE] [REI] [END] Reloading Section: "reloadable-plugin/EntrySettingsAdapterRegistryImpl/"
[10:39:52] [Worker-Main-11/TRACE] [REI] [END] Reloading Section: "reloadable-plugin/EntrySettingsAdapterRegistryImpl/DefaultPlugin of DefaultPlugin [roughlyenoughitems]/"
[10:39:52] [Worker-Main-11/TRACE] [REI] [END] Reloading Section: "reloadable-plugin/EntrySettingsAdapterRegistryImpl/DefaultPlugin of DefaultPlugin [roughlyenoughitems]/" done in 14.80 μs
[10:39:52] [Worker-Main-11/TRACE] [REI] [END] Reloading Section: "reloadable-plugin/EntrySettingsAdapterRegistryImpl/FabricFluidAPISupportPlugin/"
[10:39:52] [Worker-Main-11/TRACE] [REI] [END] Reloading Section: "reloadable-plugin/EntrySettingsAdapterRegistryImpl/FabricFluidAPISupportPlugin/" done in 6.900 μs
[10:39:52] [Worker-Main-11/TRACE] [REI] [END] Reloading Section: "reloadable-plugin/EntrySettingsAdapterRegistryImpl/REIPluginServer of REIPluginServer [tconstruct]/"
[10:39:52] [Worker-Main-11/TRACE] [REI] [END] Reloading Section: "reloadable-plugin/EntrySettingsAdapterRegistryImpl/REIPluginServer of REIPluginServer [tconstruct]/" done in 7.000 μs
[10:39:52] [Worker-Main-11/TRACE] [REI] [END] Reloading Section: "reloadable-plugin/EntrySettingsAdapterRegistryImpl/DefaultRuntimePlugin of DefaultRuntimePlugin [roughlyenoughitems]/"
[10:39:52] [Worker-Main-11/TRACE] [REI] [END] Reloading Section: "reloadable-plugin/EntrySettingsAdapterRegistryImpl/DefaultRuntimePlugin of DefaultRuntimePlugin [roughlyenoughitems]/" done in 17.40 μs
[10:39:52] [Worker-Main-11/TRACE] [REI] [END] Reloading Section: "reloadable-plugin/EntrySettingsAdapterRegistryImpl/" done in 291.5 μs
[10:39:52] [Worker-Main-11/TRACE] [REI] [END] Reloading Section: "reloadable-plugin/RecipeManagerContextImpl/"
[10:39:52] [Worker-Main-11/TRACE] [REI] [END] Reloading Section: "reloadable-plugin/RecipeManagerContextImpl/DefaultPlugin of DefaultPlugin [roughlyenoughitems]/"
[10:39:52] [Worker-Main-11/TRACE] [REI] [END] Reloading Section: "reloadable-plugin/RecipeManagerContextImpl/DefaultPlugin of DefaultPlugin [roughlyenoughitems]/" done in 6.800 μs
[10:39:52] [Worker-Main-11/TRACE] [REI] [END] Reloading Section: "reloadable-plugin/RecipeManagerContextImpl/FabricFluidAPISupportPlugin/"
[10:39:52] [Worker-Main-11/TRACE] [REI] [END] Reloading Section: "reloadable-plugin/RecipeManagerContextImpl/FabricFluidAPISupportPlugin/" done in 6.200 μs
[10:39:52] [Worker-Main-11/TRACE] [REI] [END] Reloading Section: "reloadable-plugin/RecipeManagerContextImpl/REIPluginServer of REIPluginServer [tconstruct]/"
[10:39:52] [Worker-Main-11/TRACE] [REI] [END] Reloading Section: "reloadable-plugin/RecipeManagerContextImpl/REIPluginServer of REIPluginServer [tconstruct]/" done in 6.800 μs
[10:39:52] [Worker-Main-11/TRACE] [REI] [END] Reloading Section: "reloadable-plugin/RecipeManagerContextImpl/DefaultRuntimePlugin of DefaultRuntimePlugin [roughlyenoughitems]/"
[10:39:52] [Worker-Main-11/TRACE] [REI] [END] Reloading Section: "reloadable-plugin/RecipeManagerContextImpl/DefaultRuntimePlugin of DefaultRuntimePlugin [roughlyenoughitems]/" done in 19.90 μs
[10:39:52] [Worker-Main-11/TRACE] [REI] [END] Reloading Section: "reloadable-plugin/RecipeManagerContextImpl/" done in 277.4 μs
[10:39:52] [Worker-Main-11/TRACE] [REI] [END] Reloading Section: "reloadable-plugin/ItemComparatorRegistryImpl/"
[10:39:52] [Worker-Main-11/TRACE] [REI] [END] Reloading Section: "reloadable-plugin/ItemComparatorRegistryImpl/DefaultPlugin of DefaultPlugin [roughlyenoughitems]/"
[10:39:52] [Worker-Main-11/TRACE] [REI] [END] Reloading Section: "reloadable-plugin/ItemComparatorRegistryImpl/DefaultPlugin of DefaultPlugin [roughlyenoughitems]/" done in 6.100 μs
[10:39:52] [Worker-Main-11/TRACE] [REI] [END] Reloading Section: "reloadable-plugin/ItemComparatorRegistryImpl/FabricFluidAPISupportPlugin/"
[10:39:52] [Worker-Main-11/TRACE] [REI] [END] Reloading Section: "reloadable-plugin/ItemComparatorRegistryImpl/FabricFluidAPISupportPlugin/" done in 6.200 μs
[10:39:52] [Worker-Main-11/TRACE] [REI] [END] Reloading Section: "reloadable-plugin/ItemComparatorRegistryImpl/REIPluginServer of REIPluginServer [tconstruct]/"
[10:39:52] [Worker-Main-11/TRACE] [REI] [END] Reloading Section: "reloadable-plugin/ItemComparatorRegistryImpl/REIPluginServer of REIPluginServer [tconstruct]/" done in 6.700 μs
[10:39:52] [Worker-Main-11/TRACE] [REI] [END] Reloading Section: "reloadable-plugin/ItemComparatorRegistryImpl/DefaultRuntimePlugin of DefaultRuntimePlugin [roughlyenoughitems]/"
[10:39:52] [Worker-Main-11/TRACE] [REI] [END] Reloading Section: "reloadable-plugin/ItemComparatorRegistryImpl/DefaultRuntimePlugin of DefaultRuntimePlugin [roughlyenoughitems]/" done in 7.500 μs
[10:39:52] [Worker-Main-11/TRACE] [REI] [END] Reloading Section: "reloadable-plugin/ItemComparatorRegistryImpl/" done in 279.6 μs
[10:39:52] [Worker-Main-11/TRACE] [REI] [END] Reloading Section: "reloadable-plugin/FluidComparatorRegistryImpl/"
[10:39:52] [Worker-Main-11/TRACE] [REI] [END] Reloading Section: "reloadable-plugin/FluidComparatorRegistryImpl/DefaultPlugin of DefaultPlugin [roughlyenoughitems]/"
[10:39:52] [Worker-Main-11/TRACE] [REI] [END] Reloading Section: "reloadable-plugin/FluidComparatorRegistryImpl/DefaultPlugin of DefaultPlugin [roughlyenoughitems]/" done in 6.400 μs
[10:39:52] [Worker-Main-11/TRACE] [REI] [END] Reloading Section: "reloadable-plugin/FluidComparatorRegistryImpl/FabricFluidAPISupportPlugin/"
[10:39:52] [Worker-Main-11/TRACE] [REI] [END] Reloading Section: "reloadable-plugin/FluidComparatorRegistryImpl/FabricFluidAPISupportPlugin/" done in 7.300 μs
[10:39:52] [Worker-Main-11/TRACE] [REI] [END] Reloading Section: "reloadable-plugin/FluidComparatorRegistryImpl/REIPluginServer of REIPluginServer [tconstruct]/"
[10:39:52] [Worker-Main-11/TRACE] [REI] [END] Reloading Section: "reloadable-plugin/FluidComparatorRegistryImpl/REIPluginServer of REIPluginServer [tconstruct]/" done in 8.000 μs
[10:39:52] [Worker-Main-11/TRACE] [REI] [END] Reloading Section: "reloadable-plugin/FluidComparatorRegistryImpl/DefaultRuntimePlugin of DefaultRuntimePlugin [roughlyenoughitems]/"
[10:39:52] [Worker-Main-11/TRACE] [REI] [END] Reloading Section: "reloadable-plugin/FluidComparatorRegistryImpl/DefaultRuntimePlugin of DefaultRuntimePlugin [roughlyenoughitems]/" done in 8.500 μs
[10:39:52] [Worker-Main-11/TRACE] [REI] [END] Reloading Section: "reloadable-plugin/FluidComparatorRegistryImpl/" done in 354.0 μs
[10:39:52] [Worker-Main-11/TRACE] [REI] [END] Reloading Section: "reloadable-plugin/DisplaySerializerRegistryImpl/"
[10:39:52] [Worker-Main-11/TRACE] [REI] [END] Reloading Section: "reloadable-plugin/DisplaySerializerRegistryImpl/DefaultPlugin of DefaultPlugin [roughlyenoughitems]/"
[10:39:52] [Worker-Main-11/TRACE] [REI] [END] Reloading Section: "reloadable-plugin/DisplaySerializerRegistryImpl/DefaultPlugin of DefaultPlugin [roughlyenoughitems]/" done in 31.48 ms
[10:39:52] [Worker-Main-11/TRACE] [REI] [END] Reloading Section: "reloadable-plugin/DisplaySerializerRegistryImpl/FabricFluidAPISupportPlugin/"
[10:39:52] [Worker-Main-11/TRACE] [REI] [END] Reloading Section: "reloadable-plugin/DisplaySerializerRegistryImpl/FabricFluidAPISupportPlugin/" done in 18.30 μs
[10:39:52] [Worker-Main-11/TRACE] [REI] [END] Reloading Section: "reloadable-plugin/DisplaySerializerRegistryImpl/REIPluginServer of REIPluginServer [tconstruct]/"
[10:39:52] [Worker-Main-11/TRACE] [REI] [END] Reloading Section: "reloadable-plugin/DisplaySerializerRegistryImpl/REIPluginServer of REIPluginServer [tconstruct]/" done in 6.500 μs
[10:39:52] [Worker-Main-11/TRACE] [REI] [END] Reloading Section: "reloadable-plugin/DisplaySerializerRegistryImpl/DefaultRuntimePlugin of DefaultRuntimePlugin [roughlyenoughitems]/"
[10:39:52] [Worker-Main-11/TRACE] [REI] [END] Reloading Section: "reloadable-plugin/DisplaySerializerRegistryImpl/DefaultRuntimePlugin of DefaultRuntimePlugin [roughlyenoughitems]/" done in 6.700 μs
[10:39:52] [Worker-Main-11/TRACE] [REI] [END] Reloading Section: "reloadable-plugin/DisplaySerializerRegistryImpl/" done in 31.91 ms
[10:39:52] [Worker-Main-11/TRACE] [REI] [END] Reloading Section: "reloadable-plugin/FluidSupportProviderImpl/"
[10:39:52] [Worker-Main-11/TRACE] [REI] [END] Reloading Section: "reloadable-plugin/FluidSupportProviderImpl/DefaultPlugin of DefaultPlugin [roughlyenoughitems]/"
[10:39:52] [Worker-Main-11/TRACE] [REI] [END] Reloading Section: "reloadable-plugin/FluidSupportProviderImpl/DefaultPlugin of DefaultPlugin [roughlyenoughitems]/" done in 6.900 μs
[10:39:52] [Worker-Main-11/TRACE] [REI] [END] Reloading Section: "reloadable-plugin/FluidSupportProviderImpl/FabricFluidAPISupportPlugin/"
[10:39:52] [Worker-Main-11/TRACE] [REI] [END] Reloading Section: "reloadable-plugin/FluidSupportProviderImpl/FabricFluidAPISupportPlugin/" done in 5.000 μs
[10:39:52] [Worker-Main-11/TRACE] [REI] [END] Reloading Section: "reloadable-plugin/FluidSupportProviderImpl/REIPluginServer of REIPluginServer [tconstruct]/"
[10:39:52] [Worker-Main-11/TRACE] [REI] [END] Reloading Section: "reloadable-plugin/FluidSupportProviderImpl/REIPluginServer of REIPluginServer [tconstruct]/" done in 4.800 μs
[10:39:52] [Worker-Main-11/TRACE] [REI] [END] Reloading Section: "reloadable-plugin/FluidSupportProviderImpl/DefaultRuntimePlugin of DefaultRuntimePlugin [roughlyenoughitems]/"
[10:39:52] [Worker-Main-11/TRACE] [REI] [END] Reloading Section: "reloadable-plugin/FluidSupportProviderImpl/DefaultRuntimePlugin of DefaultRuntimePlugin [roughlyenoughitems]/" done in 4.600 μs
[10:39:52] [Worker-Main-11/TRACE] [REI] [END] Reloading Section: "reloadable-plugin/FluidSupportProviderImpl/" done in 171.7 μs
[10:39:52] [Worker-Main-11/TRACE] [REI] [END] Reloading Section: "end-reload/"
[10:39:52] [Worker-Main-11/TRACE] [REI] [END] Reloading Section: "end-reload/EntryTypeRegistryImpl/"
[10:39:52] [Worker-Main-11/TRACE] [REI] [END] Reloading Section: "end-reload/EntryTypeRegistryImpl/" done in 2.900 μs
[10:39:52] [Worker-Main-11/TRACE] [REI] [END] Reloading Section: "end-reload/EntrySettingsAdapterRegistryImpl/"
[10:39:52] [Worker-Main-11/TRACE] [REI] [END] Reloading Section: "end-reload/EntrySettingsAdapterRegistryImpl/" done in 2.100 μs
[10:39:52] [Worker-Main-11/TRACE] [REI] [END] Reloading Section: "end-reload/RecipeManagerContextImpl/"
[10:39:52] [Worker-Main-11/TRACE] [REI] [END] Reloading Section: "end-reload/RecipeManagerContextImpl/" done in 1.800 μs
[10:39:52] [Worker-Main-11/TRACE] [REI] [END] Reloading Section: "end-reload/ItemComparatorRegistryImpl/"
[10:39:52] [Worker-Main-11/TRACE] [REI] [END] Reloading Section: "end-reload/ItemComparatorRegistryImpl/" done in 2.400 μs
[10:39:52] [Worker-Main-11/TRACE] [REI] [END] Reloading Section: "end-reload/FluidComparatorRegistryImpl/"
[10:39:52] [Worker-Main-11/TRACE] [REI] [END] Reloading Section: "end-reload/FluidComparatorRegistryImpl/" done in 1.900 μs
[10:39:52] [Worker-Main-11/TRACE] [REI] [END] Reloading Section: "end-reload/DisplaySerializerRegistryImpl/"
[10:39:52] [Worker-Main-11/TRACE] [REI] [END] Reloading Section: "end-reload/DisplaySerializerRegistryImpl/" done in 1.800 μs
[10:39:52] [Worker-Main-11/TRACE] [REI] [END] Reloading Section: "end-reload/FluidSupportProviderImpl/"
[10:39:52] [Worker-Main-11/TRACE] [REI] [END] Reloading Section: "end-reload/FluidSupportProviderImpl/" done in 1.900 μs
[10:39:52] [Worker-Main-11/TRACE] [REI] [END] Reloading Section: "end-reload/" done in 196.6 μs
[10:39:52] [Worker-Main-11/TRACE] [REI] [END] Reloading Section: "start-reload/"
[10:39:52] [Worker-Main-11/TRACE] [REI] [END] Reloading Section: "start-reload/MenuInfoRegistryImpl/"
[10:39:52] [Worker-Main-11/TRACE] [REI] [END] Reloading Section: "start-reload/MenuInfoRegistryImpl/" done in 13.10 μs
[10:39:52] [Worker-Main-11/TRACE] [REI] [END] Reloading Section: "start-reload/" done in 41.10 μs
[10:39:52] [Worker-Main-11/INFO] [REI] Reloading Plugin Manager [REIServerPlugin] stage [END], registered 4 plugins: DefaultRuntimePlugin of DefaultRuntimePlugin [roughlyenoughitems], REIPluginServer of REIPluginServer [tconstruct], FabricFluidAPISupportPlugin, DefaultPlugin of DefaultPlugin [roughlyenoughitems]
[10:39:52] [Worker-Main-11/TRACE] [REI] [END] Reloading Section: "reloadable-plugin/MenuInfoRegistryImpl/"
[10:39:52] [Worker-Main-11/TRACE] [REI] [END] Reloading Section: "reloadable-plugin/MenuInfoRegistryImpl/DefaultPlugin of DefaultPlugin [roughlyenoughitems]/"
[10:39:52] [Worker-Main-11/DEBUG] [REI] Added menu info for class net.minecraft.class_1714 [minecraft:plugins/crafting]: me.shedaniel.rei.api.common.transfer.info.simple.SimpleMenuInfoProvider$$Lambda$14304/0x0000000802a43d90@6ba0079f
[10:39:52] [Worker-Main-11/DEBUG] [REI] Added menu info for class net.minecraft.class_1723 [minecraft:plugins/crafting]: me.shedaniel.rei.api.common.transfer.info.simple.SimpleMenuInfoProvider$$Lambda$14304/0x0000000802a43d90@4c62c89c
[10:39:52] [Worker-Main-11/DEBUG] [REI] Added menu info for class net.minecraft.class_3858 [minecraft:plugins/smelting]: me.shedaniel.rei.api.common.transfer.info.simple.SimpleMenuInfoProvider$$Lambda$14304/0x0000000802a43d90@84d2621
[10:39:52] [Worker-Main-11/DEBUG] [REI] Added menu info for class net.minecraft.class_3706 [minecraft:plugins/smoking]: me.shedaniel.rei.api.common.transfer.info.simple.SimpleMenuInfoProvider$$Lambda$14304/0x0000000802a43d90@114c7454
[10:39:52] [Worker-Main-11/DEBUG] [REI] Added menu info for class net.minecraft.class_3705 [minecraft:plugins/blasting]: me.shedaniel.rei.api.common.transfer.info.simple.SimpleMenuInfoProvider$$Lambda$14304/0x0000000802a43d90@7add0348
[10:39:52] [Worker-Main-11/TRACE] [REI] [END] Reloading Section: "reloadable-plugin/MenuInfoRegistryImpl/DefaultPlugin of DefaultPlugin [roughlyenoughitems]/" done in 5.673 ms
[10:39:52] [Worker-Main-11/TRACE] [REI] [END] Reloading Section: "reloadable-plugin/MenuInfoRegistryImpl/FabricFluidAPISupportPlugin/"
[10:39:52] [Worker-Main-11/TRACE] [REI] [END] Reloading Section: "reloadable-plugin/MenuInfoRegistryImpl/FabricFluidAPISupportPlugin/" done in 13.70 μs
[10:39:52] [Worker-Main-11/TRACE] [REI] [END] Reloading Section: "reloadable-plugin/MenuInfoRegistryImpl/REIPluginServer of REIPluginServer [tconstruct]/"
[10:39:52] [Worker-Main-11/DEBUG] [REI] Added menu info for class slimeknights.tconstruct.tables.menu.CraftingStationContainerMenu [minecraft:plugins/crafting]: me.shedaniel.rei.api.common.transfer.info.simple.SimpleMenuInfoProvider$$Lambda$14304/0x0000000802a43d90@66c3c7d0
[10:39:52] [Worker-Main-11/DEBUG] [REI] Added menu info for class slimeknights.tconstruct.tables.menu.TinkerStationContainerMenu [tconstruct:modifiers]: me.shedaniel.rei.api.common.transfer.info.simple.SimpleMenuInfoProvider$$Lambda$14304/0x0000000802a43d90@433d3902
[10:39:52] [Worker-Main-11/TRACE] [REI] [END] Reloading Section: "reloadable-plugin/MenuInfoRegistryImpl/REIPluginServer of REIPluginServer [tconstruct]/" done in 13.40 ms
[10:39:52] [Worker-Main-11/TRACE] [REI] [END] Reloading Section: "reloadable-plugin/MenuInfoRegistryImpl/DefaultRuntimePlugin of DefaultRuntimePlugin [roughlyenoughitems]/"
[10:39:52] [Worker-Main-11/TRACE] [REI] [END] Reloading Section: "reloadable-plugin/MenuInfoRegistryImpl/DefaultRuntimePlugin of DefaultRuntimePlugin [roughlyenoughitems]/" done in 13.30 μs
[10:39:52] [Worker-Main-11/TRACE] [REI] [END] Reloading Section: "reloadable-plugin/MenuInfoRegistryImpl/" done in 19.41 ms
[10:39:52] [Worker-Main-11/TRACE] [REI] [END] Reloading Section: "end-reload/"
[10:39:52] [Worker-Main-11/TRACE] [REI] [END] Reloading Section: "end-reload/MenuInfoRegistryImpl/"
[10:39:52] [Worker-Main-11/DEBUG] [REI] Registered 5 menu infos
[10:39:52] [Worker-Main-11/TRACE] [REI] [END] Reloading Section: "end-reload/MenuInfoRegistryImpl/" done in 27.90 μs
[10:39:52] [Worker-Main-11/TRACE] [REI] [END] Reloading Section: "end-reload/" done in 64.90 μs
[10:39:52] [Worker-Main-11/TRACE] [REI] [END] Reloading Section: "post-register/"
[10:39:52] [Worker-Main-11/TRACE] [REI] [END] Reloading Section: "post-register/DefaultPlugin of DefaultPlugin [roughlyenoughitems]/"
[10:39:52] [Worker-Main-11/TRACE] [REI] [END] Reloading Section: "post-register/DefaultPlugin of DefaultPlugin [roughlyenoughitems]/" done in 5.300 μs
[10:39:52] [Worker-Main-11/TRACE] [REI] [END] Reloading Section: "post-register/FabricFluidAPISupportPlugin/"
[10:39:52] [Worker-Main-11/TRACE] [REI] [END] Reloading Section: "post-register/FabricFluidAPISupportPlugin/" done in 4.100 μs
[10:39:52] [Worker-Main-11/TRACE] [REI] [END] Reloading Section: "post-register/REIPluginServer of REIPluginServer [tconstruct]/"
[10:39:52] [Worker-Main-11/TRACE] [REI] [END] Reloading Section: "post-register/REIPluginServer of REIPluginServer [tconstruct]/" done in 3.800 μs
[10:39:52] [Worker-Main-11/TRACE] [REI] [END] Reloading Section: "post-register/DefaultRuntimePlugin of DefaultRuntimePlugin [roughlyenoughitems]/"
[10:39:52] [Worker-Main-11/TRACE] [REI] [END] Reloading Section: "post-register/DefaultRuntimePlugin of DefaultRuntimePlugin [roughlyenoughitems]/" done in 3.000 μs
[10:39:52] [Worker-Main-11/TRACE] [REI] [END] Reloading Section: "post-register/" done in 152.0 μs
[10:39:52] [Worker-Main-11/INFO] [REI] Reloaded Plugin Manager [REIPlugin] with 4 plugins in 35.45 ms.
[10:39:52] [Worker-Main-11/TRACE] [REI] [END] Reloading Section: "post-register/"
[10:39:52] [Worker-Main-11/TRACE] [REI] [END] Reloading Section: "post-register/DefaultPlugin of DefaultPlugin [roughlyenoughitems]/"
[10:39:52] [Worker-Main-11/TRACE] [REI] [END] Reloading Section: "post-register/DefaultPlugin of DefaultPlugin [roughlyenoughitems]/" done in 5.400 μs
[10:39:52] [Worker-Main-11/TRACE] [REI] [END] Reloading Section: "post-register/FabricFluidAPISupportPlugin/"
[10:39:52] [Worker-Main-11/TRACE] [REI] [END] Reloading Section: "post-register/FabricFluidAPISupportPlugin/" done in 3.800 μs
[10:39:52] [Worker-Main-11/TRACE] [REI] [END] Reloading Section: "post-register/REIPluginServer of REIPluginServer [tconstruct]/"
[10:39:52] [Worker-Main-11/TRACE] [REI] [END] Reloading Section: "post-register/REIPluginServer of REIPluginServer [tconstruct]/" done in 3.300 μs
[10:39:52] [Worker-Main-11/TRACE] [REI] [END] Reloading Section: "post-register/DefaultRuntimePlugin of DefaultRuntimePlugin [roughlyenoughitems]/"
[10:39:52] [Worker-Main-11/TRACE] [REI] [END] Reloading Section: "post-register/DefaultRuntimePlugin of DefaultRuntimePlugin [roughlyenoughitems]/" done in 4.200 μs
[10:39:52] [Worker-Main-11/TRACE] [REI] [END] Reloading Section: "post-register/" done in 161.3 μs
[10:39:52] [Worker-Main-11/INFO] [REI] Reloaded Plugin Manager [REIServerPlugin] with 4 plugins in 20.41 ms.
